The system is: Linux - 5.19.0-41-generic - x86_64
Compiling the C compiler identification source file "CMakeCCompilerId.c" succeeded.
Compiler: /usr/bin/gcc 
Build flags: 
Id flags:  

The output was:
0


Compilation of the C compiler identification source "CMakeCCompilerId.c" produced "a.out"

The C compiler identification is GNU, found in "/home/duc/Desktop/Photometric/lib/eigen/eigen-3.3.4/build/CMakeFiles/3.22.1/CompilerIdC/a.out"

Compiling the CXX compiler identification source file "CMakeCXXCompilerId.cpp" succeeded.
Compiler: /usr/bin/g++ 
Build flags: 
Id flags:  

The output was:
0


Compilation of the CXX compiler identification source "CMakeCXXCompilerId.cpp" produced "a.out"

The CXX compiler identification is GNU, found in "/home/duc/Desktop/Photometric/lib/eigen/eigen-3.3.4/build/CMakeFiles/3.22.1/CompilerIdCXX/a.out"

Detecting C compiler ABI info compiled with the following output:
Change Dir: /home/duc/Desktop/Photometric/lib/eigen/eigen-3.3.4/build/CMakeFiles/CMakeTmp

Run Build Command(s):/usr/bin/gmake -f Makefile cmTC_e4daf/fast && /usr/bin/gmake  -f CMakeFiles/cmTC_e4daf.dir/build.make CMakeFiles/cmTC_e4daf.dir/build
gmake[1]: Entering directory '/home/duc/Desktop/Photometric/lib/eigen/eigen-3.3.4/build/CMakeFiles/CMakeTmp'
Building C object CMakeFiles/cmTC_e4daf.dir/CMakeCCompilerABI.c.o
/usr/bin/gcc   -v -o CMakeFiles/cmTC_e4daf.dir/CMakeCCompilerABI.c.o -c /usr/share/cmake-3.22/Modules/CMakeCCompilerABI.c
Using built-in specs.
COLLECT_GCC=/usr/bin/gcc
Target: x86_64-linux-gnu
Configured with: ../src/configure -v --with-pkgversion='Ubuntu 5.3.1-14ubuntu2' --with-bugurl=file:///usr/share/doc/gcc-5/README.Bugs --enable-languages=c,ada,c++,java,go,d,fortran,objc,obj-c++ --prefix=/usr --program-suffix=-5 --enable-shared --enable-linker-build-id --libexecdir=/usr/lib --without-included-gettext --enable-threads=posix --libdir=/usr/lib --enable-nls --with-sysroot=/ --enable-clocale=gnu --enable-libstdcxx-debug --enable-libstdcxx-time=yes --with-default-libstdcxx-abi=new --enable-gnu-unique-object --disable-vtable-verify --enable-libmpx --enable-plugin --with-system-zlib --disable-browser-plugin --enable-java-awt=gtk --enable-gtk-cairo --with-java-home=/usr/lib/jvm/java-1.5.0-gcj-5-amd64/jre --enable-java-home --with-jvm-root-dir=/usr/lib/jvm/java-1.5.0-gcj-5-amd64 --with-jvm-jar-dir=/usr/lib/jvm-exports/java-1.5.0-gcj-5-amd64 --with-arch-directory=amd64 --with-ecj-jar=/usr/share/java/eclipse-ecj.jar --enable-objc-gc --enable-multiarch --disable-werror --with-arch-32=i686 --with-abi=m64 --with-multilib-list=m32,m64,mx32 --enable-multilib --with-tune=generic --enable-checking=release --build=x86_64-linux-gnu --host=x86_64-linux-gnu --target=x86_64-linux-gnu
Thread model: posix
gcc version 5.3.1 20160413 (Ubuntu 5.3.1-14ubuntu2) 
COLLECT_GCC_OPTIONS='-v' '-o' 'CMakeFiles/cmTC_e4daf.dir/CMakeCCompilerABI.c.o' '-c' '-mtune=generic' '-march=x86-64'
 /usr/lib/gcc/x86_64-linux-gnu/5/cc1 -quiet -v -imultiarch x86_64-linux-gnu /usr/share/cmake-3.22/Modules/CMakeCCompilerABI.c -quiet -dumpbase CMakeCCompilerABI.c -mtune=generic -march=x86-64 -auxbase-strip CMakeFiles/cmTC_e4daf.dir/CMakeCCompilerABI.c.o -version -fstack-protector-strong -Wformat -Wformat-security -o /tmp/ccgMDZMF.s
GNU C11 (Ubuntu 5.3.1-14ubuntu2) version 5.3.1 20160413 (x86_64-linux-gnu)
	compiled by GNU C version 5.3.1 20160413, GMP version 6.1.0, MPFR version 3.1.4, MPC version 1.0.3
warning: GMP header version 6.1.0 differs from library version 6.2.1.
warning: MPC header version 1.0.3 differs from library version 1.2.1.
GGC heuristics: --param ggc-min-expand=100 --param ggc-min-heapsize=131072
ignoring nonexistent directory "/usr/local/include/x86_64-linux-gnu"
ignoring nonexistent directory "/usr/lib/gcc/x86_64-linux-gnu/5/../../../../x86_64-linux-gnu/include"
#include "..." search starts here:
#include <...> search starts here:
 /usr/lib/gcc/x86_64-linux-gnu/5/include
 /usr/local/include
 /usr/lib/gcc/x86_64-linux-gnu/5/include-fixed
 /usr/include/x86_64-linux-gnu
 /usr/include
End of search list.
GNU C11 (Ubuntu 5.3.1-14ubuntu2) version 5.3.1 20160413 (x86_64-linux-gnu)
	compiled by GNU C version 5.3.1 20160413, GMP version 6.1.0, MPFR version 3.1.4, MPC version 1.0.3
warning: GMP header version 6.1.0 differs from library version 6.2.1.
warning: MPC header version 1.0.3 differs from library version 1.2.1.
GGC heuristics: --param ggc-min-expand=100 --param ggc-min-heapsize=131072
Compiler executable checksum: d7813b57b653f34ddb533d6f07b5d8ec
COLLECT_GCC_OPTIONS='-v' '-o' 'CMakeFiles/cmTC_e4daf.dir/CMakeCCompilerABI.c.o' '-c' '-mtune=generic' '-march=x86-64'
 as -v --64 -o CMakeFiles/cmTC_e4daf.dir/CMakeCCompilerABI.c.o /tmp/ccgMDZMF.s
GNU assembler version 2.38 (x86_64-linux-gnu) using BFD version (GNU Binutils for Ubuntu) 2.38
COMPILER_PATH=/usr/lib/gcc/x86_64-linux-gnu/5/:/usr/lib/gcc/x86_64-linux-gnu/5/:/usr/lib/gcc/x86_64-linux-gnu/:/usr/lib/gcc/x86_64-linux-gnu/5/:/usr/lib/gcc/x86_64-linux-gnu/
LIBRARY_PATH=/usr/lib/gcc/x86_64-linux-gnu/5/:/usr/lib/gcc/x86_64-linux-gnu/5/../../../x86_64-linux-gnu/:/usr/lib/gcc/x86_64-linux-gnu/5/../../../../lib/:/lib/x86_64-linux-gnu/:/lib/../lib/:/usr/lib/x86_64-linux-gnu/:/usr/lib/../lib/:/usr/lib/gcc/x86_64-linux-gnu/5/../../../:/lib/:/usr/lib/
COLLECT_GCC_OPTIONS='-v' '-o' 'CMakeFiles/cmTC_e4daf.dir/CMakeCCompilerABI.c.o' '-c' '-mtune=generic' '-march=x86-64'
Linking C executable cmTC_e4daf
/usr/bin/cmake -E cmake_link_script CMakeFiles/cmTC_e4daf.dir/link.txt --verbose=1
/usr/bin/gcc  -v -rdynamic CMakeFiles/cmTC_e4daf.dir/CMakeCCompilerABI.c.o -o cmTC_e4daf 
Using built-in specs.
COLLECT_GCC=/usr/bin/gcc
COLLECT_LTO_WRAPPER=/usr/lib/gcc/x86_64-linux-gnu/5/lto-wrapper
Target: x86_64-linux-gnu
Configured with: ../src/configure -v --with-pkgversion='Ubuntu 5.3.1-14ubuntu2' --with-bugurl=file:///usr/share/doc/gcc-5/README.Bugs --enable-languages=c,ada,c++,java,go,d,fortran,objc,obj-c++ --prefix=/usr --program-suffix=-5 --enable-shared --enable-linker-build-id --libexecdir=/usr/lib --without-included-gettext --enable-threads=posix --libdir=/usr/lib --enable-nls --with-sysroot=/ --enable-clocale=gnu --enable-libstdcxx-debug --enable-libstdcxx-time=yes --with-default-libstdcxx-abi=new --enable-gnu-unique-object --disable-vtable-verify --enable-libmpx --enable-plugin --with-system-zlib --disable-browser-plugin --enable-java-awt=gtk --enable-gtk-cairo --with-java-home=/usr/lib/jvm/java-1.5.0-gcj-5-amd64/jre --enable-java-home --with-jvm-root-dir=/usr/lib/jvm/java-1.5.0-gcj-5-amd64 --with-jvm-jar-dir=/usr/lib/jvm-exports/java-1.5.0-gcj-5-amd64 --with-arch-directory=amd64 --with-ecj-jar=/usr/share/java/eclipse-ecj.jar --enable-objc-gc --enable-multiarch --disable-werror --with-arch-32=i686 --with-abi=m64 --with-multilib-list=m32,m64,mx32 --enable-multilib --with-tune=generic --enable-checking=release --build=x86_64-linux-gnu --host=x86_64-linux-gnu --target=x86_64-linux-gnu
Thread model: posix
gcc version 5.3.1 20160413 (Ubuntu 5.3.1-14ubuntu2) 
COMPILER_PATH=/usr/lib/gcc/x86_64-linux-gnu/5/:/usr/lib/gcc/x86_64-linux-gnu/5/:/usr/lib/gcc/x86_64-linux-gnu/:/usr/lib/gcc/x86_64-linux-gnu/5/:/usr/lib/gcc/x86_64-linux-gnu/
LIBRARY_PATH=/usr/lib/gcc/x86_64-linux-gnu/5/:/usr/lib/gcc/x86_64-linux-gnu/5/../../../x86_64-linux-gnu/:/usr/lib/gcc/x86_64-linux-gnu/5/../../../../lib/:/lib/x86_64-linux-gnu/:/lib/../lib/:/usr/lib/x86_64-linux-gnu/:/usr/lib/../lib/:/usr/lib/gcc/x86_64-linux-gnu/5/../../../:/lib/:/usr/lib/
COLLECT_GCC_OPTIONS='-v' '-rdynamic' '-o' 'cmTC_e4daf' '-mtune=generic' '-march=x86-64'
 /usr/lib/gcc/x86_64-linux-gnu/5/collect2 -plugin /usr/lib/gcc/x86_64-linux-gnu/5/liblto_plugin.so -plugin-opt=/usr/lib/gcc/x86_64-linux-gnu/5/lto-wrapper -plugin-opt=-fresolution=/tmp/cc6VcIMz.res -plugin-opt=-pass-through=-lgcc -plugin-opt=-pass-through=-lgcc_s -plugin-opt=-pass-through=-lc -plugin-opt=-pass-through=-lgcc -plugin-opt=-pass-through=-lgcc_s --sysroot=/ --build-id --eh-frame-hdr -m elf_x86_64 --hash-style=gnu --as-needed -export-dynamic -dynamic-linker /lib64/ld-linux-x86-64.so.2 -z relro -o cmTC_e4daf /usr/lib/gcc/x86_64-linux-gnu/5/../../../x86_64-linux-gnu/crt1.o /usr/lib/gcc/x86_64-linux-gnu/5/../../../x86_64-linux-gnu/crti.o /usr/lib/gcc/x86_64-linux-gnu/5/crtbegin.o -L/usr/lib/gcc/x86_64-linux-gnu/5 -L/usr/lib/gcc/x86_64-linux-gnu/5/../../../x86_64-linux-gnu -L/usr/lib/gcc/x86_64-linux-gnu/5/../../../../lib -L/lib/x86_64-linux-gnu -L/lib/../lib -L/usr/lib/x86_64-linux-gnu -L/usr/lib/../lib -L/usr/lib/gcc/x86_64-linux-gnu/5/../../.. CMakeFiles/cmTC_e4daf.dir/CMakeCCompilerABI.c.o -lgcc --as-needed -lgcc_s --no-as-needed -lc -lgcc --as-needed -lgcc_s --no-as-needed /usr/lib/gcc/x86_64-linux-gnu/5/crtend.o /usr/lib/gcc/x86_64-linux-gnu/5/../../../x86_64-linux-gnu/crtn.o
gmake[1]: Leaving directory '/home/duc/Desktop/Photometric/lib/eigen/eigen-3.3.4/build/CMakeFiles/CMakeTmp'



Parsed C implicit include dir info from above output: rv=done
  found start of include info
  found start of implicit include info
    add: [/usr/lib/gcc/x86_64-linux-gnu/5/include]
    add: [/usr/local/include]
    add: [/usr/lib/gcc/x86_64-linux-gnu/5/include-fixed]
    add: [/usr/include/x86_64-linux-gnu]
    add: [/usr/include]
  end of search list found
  collapse include dir [/usr/lib/gcc/x86_64-linux-gnu/5/include] ==> [/usr/lib/gcc/x86_64-linux-gnu/5/include]
  collapse include dir [/usr/local/include] ==> [/usr/local/include]
  collapse include dir [/usr/lib/gcc/x86_64-linux-gnu/5/include-fixed] ==> [/usr/lib/gcc/x86_64-linux-gnu/5/include-fixed]
  collapse include dir [/usr/include/x86_64-linux-gnu] ==> [/usr/include/x86_64-linux-gnu]
  collapse include dir [/usr/include] ==> [/usr/include]
  implicit include dirs: [/usr/lib/gcc/x86_64-linux-gnu/5/include;/usr/local/include;/usr/lib/gcc/x86_64-linux-gnu/5/include-fixed;/usr/include/x86_64-linux-gnu;/usr/include]


Parsed C implicit link information from above output:
  link line regex: [^( *|.*[/\])(ld|CMAKE_LINK_STARTFILE-NOTFOUND|([^/\]+-)?ld|collect2)[^/\]*( |$)]
  ignore line: [Change Dir: /home/duc/Desktop/Photometric/lib/eigen/eigen-3.3.4/build/CMakeFiles/CMakeTmp]
  ignore line: []
  ignore line: [Run Build Command(s):/usr/bin/gmake -f Makefile cmTC_e4daf/fast && /usr/bin/gmake  -f CMakeFiles/cmTC_e4daf.dir/build.make CMakeFiles/cmTC_e4daf.dir/build]
  ignore line: [gmake[1]: Entering directory '/home/duc/Desktop/Photometric/lib/eigen/eigen-3.3.4/build/CMakeFiles/CMakeTmp']
  ignore line: [Building C object CMakeFiles/cmTC_e4daf.dir/CMakeCCompilerABI.c.o]
  ignore line: [/usr/bin/gcc   -v -o CMakeFiles/cmTC_e4daf.dir/CMakeCCompilerABI.c.o -c /usr/share/cmake-3.22/Modules/CMakeCCompilerABI.c]
  ignore line: [Using built-in specs.]
  ignore line: [COLLECT_GCC=/usr/bin/gcc]
  ignore line: [Target: x86_64-linux-gnu]
  ignore line: [Configured with: ../src/configure -v --with-pkgversion='Ubuntu 5.3.1-14ubuntu2' --with-bugurl=file:///usr/share/doc/gcc-5/README.Bugs --enable-languages=c ada c++ java go d fortran objc obj-c++ --prefix=/usr --program-suffix=-5 --enable-shared --enable-linker-build-id --libexecdir=/usr/lib --without-included-gettext --enable-threads=posix --libdir=/usr/lib --enable-nls --with-sysroot=/ --enable-clocale=gnu --enable-libstdcxx-debug --enable-libstdcxx-time=yes --with-default-libstdcxx-abi=new --enable-gnu-unique-object --disable-vtable-verify --enable-libmpx --enable-plugin --with-system-zlib --disable-browser-plugin --enable-java-awt=gtk --enable-gtk-cairo --with-java-home=/usr/lib/jvm/java-1.5.0-gcj-5-amd64/jre --enable-java-home --with-jvm-root-dir=/usr/lib/jvm/java-1.5.0-gcj-5-amd64 --with-jvm-jar-dir=/usr/lib/jvm-exports/java-1.5.0-gcj-5-amd64 --with-arch-directory=amd64 --with-ecj-jar=/usr/share/java/eclipse-ecj.jar --enable-objc-gc --enable-multiarch --disable-werror --with-arch-32=i686 --with-abi=m64 --with-multilib-list=m32 m64 mx32 --enable-multilib --with-tune=generic --enable-checking=release --build=x86_64-linux-gnu --host=x86_64-linux-gnu --target=x86_64-linux-gnu]
  ignore line: [Thread model: posix]
  ignore line: [gcc version 5.3.1 20160413 (Ubuntu 5.3.1-14ubuntu2) ]
  ignore line: [COLLECT_GCC_OPTIONS='-v' '-o' 'CMakeFiles/cmTC_e4daf.dir/CMakeCCompilerABI.c.o' '-c' '-mtune=generic' '-march=x86-64']
  ignore line: [ /usr/lib/gcc/x86_64-linux-gnu/5/cc1 -quiet -v -imultiarch x86_64-linux-gnu /usr/share/cmake-3.22/Modules/CMakeCCompilerABI.c -quiet -dumpbase CMakeCCompilerABI.c -mtune=generic -march=x86-64 -auxbase-strip CMakeFiles/cmTC_e4daf.dir/CMakeCCompilerABI.c.o -version -fstack-protector-strong -Wformat -Wformat-security -o /tmp/ccgMDZMF.s]
  ignore line: [GNU C11 (Ubuntu 5.3.1-14ubuntu2) version 5.3.1 20160413 (x86_64-linux-gnu)]
  ignore line: [	compiled by GNU C version 5.3.1 20160413  GMP version 6.1.0  MPFR version 3.1.4  MPC version 1.0.3]
  ignore line: [warning: GMP header version 6.1.0 differs from library version 6.2.1.]
  ignore line: [warning: MPC header version 1.0.3 differs from library version 1.2.1.]
  ignore line: [GGC heuristics: --param ggc-min-expand=100 --param ggc-min-heapsize=131072]
  ignore line: [ignoring nonexistent directory "/usr/local/include/x86_64-linux-gnu"]
  ignore line: [ignoring nonexistent directory "/usr/lib/gcc/x86_64-linux-gnu/5/../../../../x86_64-linux-gnu/include"]
  ignore line: [#include "..." search starts here:]
  ignore line: [#include <...> search starts here:]
  ignore line: [ /usr/lib/gcc/x86_64-linux-gnu/5/include]
  ignore line: [ /usr/local/include]
  ignore line: [ /usr/lib/gcc/x86_64-linux-gnu/5/include-fixed]
  ignore line: [ /usr/include/x86_64-linux-gnu]
  ignore line: [ /usr/include]
  ignore line: [End of search list.]
  ignore line: [GNU C11 (Ubuntu 5.3.1-14ubuntu2) version 5.3.1 20160413 (x86_64-linux-gnu)]
  ignore line: [	compiled by GNU C version 5.3.1 20160413  GMP version 6.1.0  MPFR version 3.1.4  MPC version 1.0.3]
  ignore line: [warning: GMP header version 6.1.0 differs from library version 6.2.1.]
  ignore line: [warning: MPC header version 1.0.3 differs from library version 1.2.1.]
  ignore line: [GGC heuristics: --param ggc-min-expand=100 --param ggc-min-heapsize=131072]
  ignore line: [Compiler executable checksum: d7813b57b653f34ddb533d6f07b5d8ec]
  ignore line: [COLLECT_GCC_OPTIONS='-v' '-o' 'CMakeFiles/cmTC_e4daf.dir/CMakeCCompilerABI.c.o' '-c' '-mtune=generic' '-march=x86-64']
  ignore line: [ as -v --64 -o CMakeFiles/cmTC_e4daf.dir/CMakeCCompilerABI.c.o /tmp/ccgMDZMF.s]
  ignore line: [GNU assembler version 2.38 (x86_64-linux-gnu) using BFD version (GNU Binutils for Ubuntu) 2.38]
  ignore line: [COMPILER_PATH=/usr/lib/gcc/x86_64-linux-gnu/5/:/usr/lib/gcc/x86_64-linux-gnu/5/:/usr/lib/gcc/x86_64-linux-gnu/:/usr/lib/gcc/x86_64-linux-gnu/5/:/usr/lib/gcc/x86_64-linux-gnu/]
  ignore line: [LIBRARY_PATH=/usr/lib/gcc/x86_64-linux-gnu/5/:/usr/lib/gcc/x86_64-linux-gnu/5/../../../x86_64-linux-gnu/:/usr/lib/gcc/x86_64-linux-gnu/5/../../../../lib/:/lib/x86_64-linux-gnu/:/lib/../lib/:/usr/lib/x86_64-linux-gnu/:/usr/lib/../lib/:/usr/lib/gcc/x86_64-linux-gnu/5/../../../:/lib/:/usr/lib/]
  ignore line: [COLLECT_GCC_OPTIONS='-v' '-o' 'CMakeFiles/cmTC_e4daf.dir/CMakeCCompilerABI.c.o' '-c' '-mtune=generic' '-march=x86-64']
  ignore line: [Linking C executable cmTC_e4daf]
  ignore line: [/usr/bin/cmake -E cmake_link_script CMakeFiles/cmTC_e4daf.dir/link.txt --verbose=1]
  ignore line: [/usr/bin/gcc  -v -rdynamic CMakeFiles/cmTC_e4daf.dir/CMakeCCompilerABI.c.o -o cmTC_e4daf ]
  ignore line: [Using built-in specs.]
  ignore line: [COLLECT_GCC=/usr/bin/gcc]
  ignore line: [COLLECT_LTO_WRAPPER=/usr/lib/gcc/x86_64-linux-gnu/5/lto-wrapper]
  ignore line: [Target: x86_64-linux-gnu]
  ignore line: [Configured with: ../src/configure -v --with-pkgversion='Ubuntu 5.3.1-14ubuntu2' --with-bugurl=file:///usr/share/doc/gcc-5/README.Bugs --enable-languages=c ada c++ java go d fortran objc obj-c++ --prefix=/usr --program-suffix=-5 --enable-shared --enable-linker-build-id --libexecdir=/usr/lib --without-included-gettext --enable-threads=posix --libdir=/usr/lib --enable-nls --with-sysroot=/ --enable-clocale=gnu --enable-libstdcxx-debug --enable-libstdcxx-time=yes --with-default-libstdcxx-abi=new --enable-gnu-unique-object --disable-vtable-verify --enable-libmpx --enable-plugin --with-system-zlib --disable-browser-plugin --enable-java-awt=gtk --enable-gtk-cairo --with-java-home=/usr/lib/jvm/java-1.5.0-gcj-5-amd64/jre --enable-java-home --with-jvm-root-dir=/usr/lib/jvm/java-1.5.0-gcj-5-amd64 --with-jvm-jar-dir=/usr/lib/jvm-exports/java-1.5.0-gcj-5-amd64 --with-arch-directory=amd64 --with-ecj-jar=/usr/share/java/eclipse-ecj.jar --enable-objc-gc --enable-multiarch --disable-werror --with-arch-32=i686 --with-abi=m64 --with-multilib-list=m32 m64 mx32 --enable-multilib --with-tune=generic --enable-checking=release --build=x86_64-linux-gnu --host=x86_64-linux-gnu --target=x86_64-linux-gnu]
  ignore line: [Thread model: posix]
  ignore line: [gcc version 5.3.1 20160413 (Ubuntu 5.3.1-14ubuntu2) ]
  ignore line: [COMPILER_PATH=/usr/lib/gcc/x86_64-linux-gnu/5/:/usr/lib/gcc/x86_64-linux-gnu/5/:/usr/lib/gcc/x86_64-linux-gnu/:/usr/lib/gcc/x86_64-linux-gnu/5/:/usr/lib/gcc/x86_64-linux-gnu/]
  ignore line: [LIBRARY_PATH=/usr/lib/gcc/x86_64-linux-gnu/5/:/usr/lib/gcc/x86_64-linux-gnu/5/../../../x86_64-linux-gnu/:/usr/lib/gcc/x86_64-linux-gnu/5/../../../../lib/:/lib/x86_64-linux-gnu/:/lib/../lib/:/usr/lib/x86_64-linux-gnu/:/usr/lib/../lib/:/usr/lib/gcc/x86_64-linux-gnu/5/../../../:/lib/:/usr/lib/]
  ignore line: [COLLECT_GCC_OPTIONS='-v' '-rdynamic' '-o' 'cmTC_e4daf' '-mtune=generic' '-march=x86-64']
  link line: [ /usr/lib/gcc/x86_64-linux-gnu/5/collect2 -plugin /usr/lib/gcc/x86_64-linux-gnu/5/liblto_plugin.so -plugin-opt=/usr/lib/gcc/x86_64-linux-gnu/5/lto-wrapper -plugin-opt=-fresolution=/tmp/cc6VcIMz.res -plugin-opt=-pass-through=-lgcc -plugin-opt=-pass-through=-lgcc_s -plugin-opt=-pass-through=-lc -plugin-opt=-pass-through=-lgcc -plugin-opt=-pass-through=-lgcc_s --sysroot=/ --build-id --eh-frame-hdr -m elf_x86_64 --hash-style=gnu --as-needed -export-dynamic -dynamic-linker /lib64/ld-linux-x86-64.so.2 -z relro -o cmTC_e4daf /usr/lib/gcc/x86_64-linux-gnu/5/../../../x86_64-linux-gnu/crt1.o /usr/lib/gcc/x86_64-linux-gnu/5/../../../x86_64-linux-gnu/crti.o /usr/lib/gcc/x86_64-linux-gnu/5/crtbegin.o -L/usr/lib/gcc/x86_64-linux-gnu/5 -L/usr/lib/gcc/x86_64-linux-gnu/5/../../../x86_64-linux-gnu -L/usr/lib/gcc/x86_64-linux-gnu/5/../../../../lib -L/lib/x86_64-linux-gnu -L/lib/../lib -L/usr/lib/x86_64-linux-gnu -L/usr/lib/../lib -L/usr/lib/gcc/x86_64-linux-gnu/5/../../.. CMakeFiles/cmTC_e4daf.dir/CMakeCCompilerABI.c.o -lgcc --as-needed -lgcc_s --no-as-needed -lc -lgcc --as-needed -lgcc_s --no-as-needed /usr/lib/gcc/x86_64-linux-gnu/5/crtend.o /usr/lib/gcc/x86_64-linux-gnu/5/../../../x86_64-linux-gnu/crtn.o]
    arg [/usr/lib/gcc/x86_64-linux-gnu/5/collect2] ==> ignore
    arg [-plugin] ==> ignore
    arg [/usr/lib/gcc/x86_64-linux-gnu/5/liblto_plugin.so] ==> ignore
    arg [-plugin-opt=/usr/lib/gcc/x86_64-linux-gnu/5/lto-wrapper] ==> ignore
    arg [-plugin-opt=-fresolution=/tmp/cc6VcIMz.res] ==> ignore
    arg [-plugin-opt=-pass-through=-lgcc] ==> ignore
    arg [-plugin-opt=-pass-through=-lgcc_s] ==> ignore
    arg [-plugin-opt=-pass-through=-lc] ==> ignore
    arg [-plugin-opt=-pass-through=-lgcc] ==> ignore
    arg [-plugin-opt=-pass-through=-lgcc_s] ==> ignore
    arg [--sysroot=/] ==> ignore
    arg [--build-id] ==> ignore
    arg [--eh-frame-hdr] ==> ignore
    arg [-m] ==> ignore
    arg [elf_x86_64] ==> ignore
    arg [--hash-style=gnu] ==> ignore
    arg [--as-needed] ==> ignore
    arg [-export-dynamic] ==> ignore
    arg [-dynamic-linker] ==> ignore
    arg [/lib64/ld-linux-x86-64.so.2] ==> ignore
    arg [-zrelro] ==> ignore
    arg [-o] ==> ignore
    arg [cmTC_e4daf] ==> ignore
    arg [/usr/lib/gcc/x86_64-linux-gnu/5/../../../x86_64-linux-gnu/crt1.o] ==> obj [/usr/lib/gcc/x86_64-linux-gnu/5/../../../x86_64-linux-gnu/crt1.o]
    arg [/usr/lib/gcc/x86_64-linux-gnu/5/../../../x86_64-linux-gnu/crti.o] ==> obj [/usr/lib/gcc/x86_64-linux-gnu/5/../../../x86_64-linux-gnu/crti.o]
    arg [/usr/lib/gcc/x86_64-linux-gnu/5/crtbegin.o] ==> obj [/usr/lib/gcc/x86_64-linux-gnu/5/crtbegin.o]
    arg [-L/usr/lib/gcc/x86_64-linux-gnu/5] ==> dir [/usr/lib/gcc/x86_64-linux-gnu/5]
    arg [-L/usr/lib/gcc/x86_64-linux-gnu/5/../../../x86_64-linux-gnu] ==> dir [/usr/lib/gcc/x86_64-linux-gnu/5/../../../x86_64-linux-gnu]
    arg [-L/usr/lib/gcc/x86_64-linux-gnu/5/../../../../lib] ==> dir [/usr/lib/gcc/x86_64-linux-gnu/5/../../../../lib]
    arg [-L/lib/x86_64-linux-gnu] ==> dir [/lib/x86_64-linux-gnu]
    arg [-L/lib/../lib] ==> dir [/lib/../lib]
    arg [-L/usr/lib/x86_64-linux-gnu] ==> dir [/usr/lib/x86_64-linux-gnu]
    arg [-L/usr/lib/../lib] ==> dir [/usr/lib/../lib]
    arg [-L/usr/lib/gcc/x86_64-linux-gnu/5/../../..] ==> dir [/usr/lib/gcc/x86_64-linux-gnu/5/../../..]
    arg [CMakeFiles/cmTC_e4daf.dir/CMakeCCompilerABI.c.o] ==> ignore
    arg [-lgcc] ==> lib [gcc]
    arg [--as-needed] ==> ignore
    arg [-lgcc_s] ==> lib [gcc_s]
    arg [--no-as-needed] ==> ignore
    arg [-lc] ==> lib [c]
    arg [-lgcc] ==> lib [gcc]
    arg [--as-needed] ==> ignore
    arg [-lgcc_s] ==> lib [gcc_s]
    arg [--no-as-needed] ==> ignore
    arg [/usr/lib/gcc/x86_64-linux-gnu/5/crtend.o] ==> obj [/usr/lib/gcc/x86_64-linux-gnu/5/crtend.o]
    arg [/usr/lib/gcc/x86_64-linux-gnu/5/../../../x86_64-linux-gnu/crtn.o] ==> obj [/usr/lib/gcc/x86_64-linux-gnu/5/../../../x86_64-linux-gnu/crtn.o]
  collapse obj [/usr/lib/gcc/x86_64-linux-gnu/5/../../../x86_64-linux-gnu/crt1.o] ==> [/usr/lib/x86_64-linux-gnu/crt1.o]
  collapse obj [/usr/lib/gcc/x86_64-linux-gnu/5/../../../x86_64-linux-gnu/crti.o] ==> [/usr/lib/x86_64-linux-gnu/crti.o]
  collapse obj [/usr/lib/gcc/x86_64-linux-gnu/5/../../../x86_64-linux-gnu/crtn.o] ==> [/usr/lib/x86_64-linux-gnu/crtn.o]
  collapse library dir [/usr/lib/gcc/x86_64-linux-gnu/5] ==> [/usr/lib/gcc/x86_64-linux-gnu/5]
  collapse library dir [/usr/lib/gcc/x86_64-linux-gnu/5/../../../x86_64-linux-gnu] ==> [/usr/lib/x86_64-linux-gnu]
  collapse library dir [/usr/lib/gcc/x86_64-linux-gnu/5/../../../../lib] ==> [/usr/lib]
  collapse library dir [/lib/x86_64-linux-gnu] ==> [/lib/x86_64-linux-gnu]
  collapse library dir [/lib/../lib] ==> [/lib]
  collapse library dir [/usr/lib/x86_64-linux-gnu] ==> [/usr/lib/x86_64-linux-gnu]
  collapse library dir [/usr/lib/../lib] ==> [/usr/lib]
  collapse library dir [/usr/lib/gcc/x86_64-linux-gnu/5/../../..] ==> [/usr/lib]
  implicit libs: [gcc;gcc_s;c;gcc;gcc_s]
  implicit objs: [/usr/lib/x86_64-linux-gnu/crt1.o;/usr/lib/x86_64-linux-gnu/crti.o;/usr/lib/gcc/x86_64-linux-gnu/5/crtbegin.o;/usr/lib/gcc/x86_64-linux-gnu/5/crtend.o;/usr/lib/x86_64-linux-gnu/crtn.o]
  implicit dirs: [/usr/lib/gcc/x86_64-linux-gnu/5;/usr/lib/x86_64-linux-gnu;/usr/lib;/lib/x86_64-linux-gnu;/lib]
  implicit fwks: []


Detecting CXX compiler ABI info compiled with the following output:
Change Dir: /home/duc/Desktop/Photometric/lib/eigen/eigen-3.3.4/build/CMakeFiles/CMakeTmp

Run Build Command(s):/usr/bin/gmake -f Makefile cmTC_5d228/fast && /usr/bin/gmake  -f CMakeFiles/cmTC_5d228.dir/build.make CMakeFiles/cmTC_5d228.dir/build
gmake[1]: Entering directory '/home/duc/Desktop/Photometric/lib/eigen/eigen-3.3.4/build/CMakeFiles/CMakeTmp'
Building CXX object CMakeFiles/cmTC_5d228.dir/CMakeCXXCompilerABI.cpp.o
/usr/bin/g++   -v -o CMakeFiles/cmTC_5d228.dir/CMakeCXXCompilerABI.cpp.o -c /usr/share/cmake-3.22/Modules/CMakeCXXCompilerABI.cpp
Using built-in specs.
COLLECT_GCC=/usr/bin/g++
Target: x86_64-linux-gnu
Configured with: ../src/configure -v --with-pkgversion='Ubuntu 5.3.1-14ubuntu2' --with-bugurl=file:///usr/share/doc/gcc-5/README.Bugs --enable-languages=c,ada,c++,java,go,d,fortran,objc,obj-c++ --prefix=/usr --program-suffix=-5 --enable-shared --enable-linker-build-id --libexecdir=/usr/lib --without-included-gettext --enable-threads=posix --libdir=/usr/lib --enable-nls --with-sysroot=/ --enable-clocale=gnu --enable-libstdcxx-debug --enable-libstdcxx-time=yes --with-default-libstdcxx-abi=new --enable-gnu-unique-object --disable-vtable-verify --enable-libmpx --enable-plugin --with-system-zlib --disable-browser-plugin --enable-java-awt=gtk --enable-gtk-cairo --with-java-home=/usr/lib/jvm/java-1.5.0-gcj-5-amd64/jre --enable-java-home --with-jvm-root-dir=/usr/lib/jvm/java-1.5.0-gcj-5-amd64 --with-jvm-jar-dir=/usr/lib/jvm-exports/java-1.5.0-gcj-5-amd64 --with-arch-directory=amd64 --with-ecj-jar=/usr/share/java/eclipse-ecj.jar --enable-objc-gc --enable-multiarch --disable-werror --with-arch-32=i686 --with-abi=m64 --with-multilib-list=m32,m64,mx32 --enable-multilib --with-tune=generic --enable-checking=release --build=x86_64-linux-gnu --host=x86_64-linux-gnu --target=x86_64-linux-gnu
Thread model: posix
gcc version 5.3.1 20160413 (Ubuntu 5.3.1-14ubuntu2) 
COLLECT_GCC_OPTIONS='-v' '-o' 'CMakeFiles/cmTC_5d228.dir/CMakeCXXCompilerABI.cpp.o' '-c' '-shared-libgcc' '-mtune=generic' '-march=x86-64'
 /usr/lib/gcc/x86_64-linux-gnu/5/cc1plus -quiet -v -imultiarch x86_64-linux-gnu -D_GNU_SOURCE /usr/share/cmake-3.22/Modules/CMakeCXXCompilerABI.cpp -quiet -dumpbase CMakeCXXCompilerABI.cpp -mtune=generic -march=x86-64 -auxbase-strip CMakeFiles/cmTC_5d228.dir/CMakeCXXCompilerABI.cpp.o -version -fstack-protector-strong -Wformat -Wformat-security -o /tmp/cceVC20M.s
GNU C++ (Ubuntu 5.3.1-14ubuntu2) version 5.3.1 20160413 (x86_64-linux-gnu)
	compiled by GNU C version 5.3.1 20160413, GMP version 6.1.0, MPFR version 3.1.4, MPC version 1.0.3
warning: GMP header version 6.1.0 differs from library version 6.2.1.
warning: MPC header version 1.0.3 differs from library version 1.2.1.
GGC heuristics: --param ggc-min-expand=100 --param ggc-min-heapsize=131072
ignoring duplicate directory "/usr/include/x86_64-linux-gnu/c++/5"
ignoring nonexistent directory "/usr/local/include/x86_64-linux-gnu"
ignoring nonexistent directory "/usr/lib/gcc/x86_64-linux-gnu/5/../../../../x86_64-linux-gnu/include"
#include "..." search starts here:
#include <...> search starts here:
 /usr/include/c++/5
 /usr/include/x86_64-linux-gnu/c++/5
 /usr/include/c++/5/backward
 /usr/lib/gcc/x86_64-linux-gnu/5/include
 /usr/local/include
 /usr/lib/gcc/x86_64-linux-gnu/5/include-fixed
 /usr/include/x86_64-linux-gnu
 /usr/include
End of search list.
GNU C++ (Ubuntu 5.3.1-14ubuntu2) version 5.3.1 20160413 (x86_64-linux-gnu)
	compiled by GNU C version 5.3.1 20160413, GMP version 6.1.0, MPFR version 3.1.4, MPC version 1.0.3
warning: GMP header version 6.1.0 differs from library version 6.2.1.
warning: MPC header version 1.0.3 differs from library version 1.2.1.
GGC heuristics: --param ggc-min-expand=100 --param ggc-min-heapsize=131072
Compiler executable checksum: a544146c1c8bd944ae4c4ff6181f339e
COLLECT_GCC_OPTIONS='-v' '-o' 'CMakeFiles/cmTC_5d228.dir/CMakeCXXCompilerABI.cpp.o' '-c' '-shared-libgcc' '-mtune=generic' '-march=x86-64'
 as -v --64 -o CMakeFiles/cmTC_5d228.dir/CMakeCXXCompilerABI.cpp.o /tmp/cceVC20M.s
GNU assembler version 2.38 (x86_64-linux-gnu) using BFD version (GNU Binutils for Ubuntu) 2.38
COMPILER_PATH=/usr/lib/gcc/x86_64-linux-gnu/5/:/usr/lib/gcc/x86_64-linux-gnu/5/:/usr/lib/gcc/x86_64-linux-gnu/:/usr/lib/gcc/x86_64-linux-gnu/5/:/usr/lib/gcc/x86_64-linux-gnu/
LIBRARY_PATH=/usr/lib/gcc/x86_64-linux-gnu/5/:/usr/lib/gcc/x86_64-linux-gnu/5/../../../x86_64-linux-gnu/:/usr/lib/gcc/x86_64-linux-gnu/5/../../../../lib/:/lib/x86_64-linux-gnu/:/lib/../lib/:/usr/lib/x86_64-linux-gnu/:/usr/lib/../lib/:/usr/lib/gcc/x86_64-linux-gnu/5/../../../:/lib/:/usr/lib/
COLLECT_GCC_OPTIONS='-v' '-o' 'CMakeFiles/cmTC_5d228.dir/CMakeCXXCompilerABI.cpp.o' '-c' '-shared-libgcc' '-mtune=generic' '-march=x86-64'
Linking CXX executable cmTC_5d228
/usr/bin/cmake -E cmake_link_script CMakeFiles/cmTC_5d228.dir/link.txt --verbose=1
/usr/bin/g++  -v -rdynamic CMakeFiles/cmTC_5d228.dir/CMakeCXXCompilerABI.cpp.o -o cmTC_5d228 
Using built-in specs.
COLLECT_GCC=/usr/bin/g++
COLLECT_LTO_WRAPPER=/usr/lib/gcc/x86_64-linux-gnu/5/lto-wrapper
Target: x86_64-linux-gnu
Configured with: ../src/configure -v --with-pkgversion='Ubuntu 5.3.1-14ubuntu2' --with-bugurl=file:///usr/share/doc/gcc-5/README.Bugs --enable-languages=c,ada,c++,java,go,d,fortran,objc,obj-c++ --prefix=/usr --program-suffix=-5 --enable-shared --enable-linker-build-id --libexecdir=/usr/lib --without-included-gettext --enable-threads=posix --libdir=/usr/lib --enable-nls --with-sysroot=/ --enable-clocale=gnu --enable-libstdcxx-debug --enable-libstdcxx-time=yes --with-default-libstdcxx-abi=new --enable-gnu-unique-object --disable-vtable-verify --enable-libmpx --enable-plugin --with-system-zlib --disable-browser-plugin --enable-java-awt=gtk --enable-gtk-cairo --with-java-home=/usr/lib/jvm/java-1.5.0-gcj-5-amd64/jre --enable-java-home --with-jvm-root-dir=/usr/lib/jvm/java-1.5.0-gcj-5-amd64 --with-jvm-jar-dir=/usr/lib/jvm-exports/java-1.5.0-gcj-5-amd64 --with-arch-directory=amd64 --with-ecj-jar=/usr/share/java/eclipse-ecj.jar --enable-objc-gc --enable-multiarch --disable-werror --with-arch-32=i686 --with-abi=m64 --with-multilib-list=m32,m64,mx32 --enable-multilib --with-tune=generic --enable-checking=release --build=x86_64-linux-gnu --host=x86_64-linux-gnu --target=x86_64-linux-gnu
Thread model: posix
gcc version 5.3.1 20160413 (Ubuntu 5.3.1-14ubuntu2) 
COMPILER_PATH=/usr/lib/gcc/x86_64-linux-gnu/5/:/usr/lib/gcc/x86_64-linux-gnu/5/:/usr/lib/gcc/x86_64-linux-gnu/:/usr/lib/gcc/x86_64-linux-gnu/5/:/usr/lib/gcc/x86_64-linux-gnu/
LIBRARY_PATH=/usr/lib/gcc/x86_64-linux-gnu/5/:/usr/lib/gcc/x86_64-linux-gnu/5/../../../x86_64-linux-gnu/:/usr/lib/gcc/x86_64-linux-gnu/5/../../../../lib/:/lib/x86_64-linux-gnu/:/lib/../lib/:/usr/lib/x86_64-linux-gnu/:/usr/lib/../lib/:/usr/lib/gcc/x86_64-linux-gnu/5/../../../:/lib/:/usr/lib/
COLLECT_GCC_OPTIONS='-v' '-rdynamic' '-o' 'cmTC_5d228' '-shared-libgcc' '-mtune=generic' '-march=x86-64'
 /usr/lib/gcc/x86_64-linux-gnu/5/collect2 -plugin /usr/lib/gcc/x86_64-linux-gnu/5/liblto_plugin.so -plugin-opt=/usr/lib/gcc/x86_64-linux-gnu/5/lto-wrapper -plugin-opt=-fresolution=/tmp/ccCp2med.res -plugin-opt=-pass-through=-lgcc_s -plugin-opt=-pass-through=-lgcc -plugin-opt=-pass-through=-lc -plugin-opt=-pass-through=-lgcc_s -plugin-opt=-pass-through=-lgcc --sysroot=/ --build-id --eh-frame-hdr -m elf_x86_64 --hash-style=gnu --as-needed -export-dynamic -dynamic-linker /lib64/ld-linux-x86-64.so.2 -z relro -o cmTC_5d228 /usr/lib/gcc/x86_64-linux-gnu/5/../../../x86_64-linux-gnu/crt1.o /usr/lib/gcc/x86_64-linux-gnu/5/../../../x86_64-linux-gnu/crti.o /usr/lib/gcc/x86_64-linux-gnu/5/crtbegin.o -L/usr/lib/gcc/x86_64-linux-gnu/5 -L/usr/lib/gcc/x86_64-linux-gnu/5/../../../x86_64-linux-gnu -L/usr/lib/gcc/x86_64-linux-gnu/5/../../../../lib -L/lib/x86_64-linux-gnu -L/lib/../lib -L/usr/lib/x86_64-linux-gnu -L/usr/lib/../lib -L/usr/lib/gcc/x86_64-linux-gnu/5/../../.. CMakeFiles/cmTC_5d228.dir/CMakeCXXCompilerABI.cpp.o -lstdc++ -lm -lgcc_s -lgcc -lc -lgcc_s -lgcc /usr/lib/gcc/x86_64-linux-gnu/5/crtend.o /usr/lib/gcc/x86_64-linux-gnu/5/../../../x86_64-linux-gnu/crtn.o
gmake[1]: Leaving directory '/home/duc/Desktop/Photometric/lib/eigen/eigen-3.3.4/build/CMakeFiles/CMakeTmp'



Parsed CXX implicit include dir info from above output: rv=done
  found start of include info
  found start of implicit include info
    add: [/usr/include/c++/5]
    add: [/usr/include/x86_64-linux-gnu/c++/5]
    add: [/usr/include/c++/5/backward]
    add: [/usr/lib/gcc/x86_64-linux-gnu/5/include]
    add: [/usr/local/include]
    add: [/usr/lib/gcc/x86_64-linux-gnu/5/include-fixed]
    add: [/usr/include/x86_64-linux-gnu]
    add: [/usr/include]
  end of search list found
  collapse include dir [/usr/include/c++/5] ==> [/usr/include/c++/5]
  collapse include dir [/usr/include/x86_64-linux-gnu/c++/5] ==> [/usr/include/x86_64-linux-gnu/c++/5]
  collapse include dir [/usr/include/c++/5/backward] ==> [/usr/include/c++/5/backward]
  collapse include dir [/usr/lib/gcc/x86_64-linux-gnu/5/include] ==> [/usr/lib/gcc/x86_64-linux-gnu/5/include]
  collapse include dir [/usr/local/include] ==> [/usr/local/include]
  collapse include dir [/usr/lib/gcc/x86_64-linux-gnu/5/include-fixed] ==> [/usr/lib/gcc/x86_64-linux-gnu/5/include-fixed]
  collapse include dir [/usr/include/x86_64-linux-gnu] ==> [/usr/include/x86_64-linux-gnu]
  collapse include dir [/usr/include] ==> [/usr/include]
  implicit include dirs: [/usr/include/c++/5;/usr/include/x86_64-linux-gnu/c++/5;/usr/include/c++/5/backward;/usr/lib/gcc/x86_64-linux-gnu/5/include;/usr/local/include;/usr/lib/gcc/x86_64-linux-gnu/5/include-fixed;/usr/include/x86_64-linux-gnu;/usr/include]


Parsed CXX implicit link information from above output:
  link line regex: [^( *|.*[/\])(ld|CMAKE_LINK_STARTFILE-NOTFOUND|([^/\]+-)?ld|collect2)[^/\]*( |$)]
  ignore line: [Change Dir: /home/duc/Desktop/Photometric/lib/eigen/eigen-3.3.4/build/CMakeFiles/CMakeTmp]
  ignore line: []
  ignore line: [Run Build Command(s):/usr/bin/gmake -f Makefile cmTC_5d228/fast && /usr/bin/gmake  -f CMakeFiles/cmTC_5d228.dir/build.make CMakeFiles/cmTC_5d228.dir/build]
  ignore line: [gmake[1]: Entering directory '/home/duc/Desktop/Photometric/lib/eigen/eigen-3.3.4/build/CMakeFiles/CMakeTmp']
  ignore line: [Building CXX object CMakeFiles/cmTC_5d228.dir/CMakeCXXCompilerABI.cpp.o]
  ignore line: [/usr/bin/g++   -v -o CMakeFiles/cmTC_5d228.dir/CMakeCXXCompilerABI.cpp.o -c /usr/share/cmake-3.22/Modules/CMakeCXXCompilerABI.cpp]
  ignore line: [Using built-in specs.]
  ignore line: [COLLECT_GCC=/usr/bin/g++]
  ignore line: [Target: x86_64-linux-gnu]
  ignore line: [Configured with: ../src/configure -v --with-pkgversion='Ubuntu 5.3.1-14ubuntu2' --with-bugurl=file:///usr/share/doc/gcc-5/README.Bugs --enable-languages=c ada c++ java go d fortran objc obj-c++ --prefix=/usr --program-suffix=-5 --enable-shared --enable-linker-build-id --libexecdir=/usr/lib --without-included-gettext --enable-threads=posix --libdir=/usr/lib --enable-nls --with-sysroot=/ --enable-clocale=gnu --enable-libstdcxx-debug --enable-libstdcxx-time=yes --with-default-libstdcxx-abi=new --enable-gnu-unique-object --disable-vtable-verify --enable-libmpx --enable-plugin --with-system-zlib --disable-browser-plugin --enable-java-awt=gtk --enable-gtk-cairo --with-java-home=/usr/lib/jvm/java-1.5.0-gcj-5-amd64/jre --enable-java-home --with-jvm-root-dir=/usr/lib/jvm/java-1.5.0-gcj-5-amd64 --with-jvm-jar-dir=/usr/lib/jvm-exports/java-1.5.0-gcj-5-amd64 --with-arch-directory=amd64 --with-ecj-jar=/usr/share/java/eclipse-ecj.jar --enable-objc-gc --enable-multiarch --disable-werror --with-arch-32=i686 --with-abi=m64 --with-multilib-list=m32 m64 mx32 --enable-multilib --with-tune=generic --enable-checking=release --build=x86_64-linux-gnu --host=x86_64-linux-gnu --target=x86_64-linux-gnu]
  ignore line: [Thread model: posix]
  ignore line: [gcc version 5.3.1 20160413 (Ubuntu 5.3.1-14ubuntu2) ]
  ignore line: [COLLECT_GCC_OPTIONS='-v' '-o' 'CMakeFiles/cmTC_5d228.dir/CMakeCXXCompilerABI.cpp.o' '-c' '-shared-libgcc' '-mtune=generic' '-march=x86-64']
  ignore line: [ /usr/lib/gcc/x86_64-linux-gnu/5/cc1plus -quiet -v -imultiarch x86_64-linux-gnu -D_GNU_SOURCE /usr/share/cmake-3.22/Modules/CMakeCXXCompilerABI.cpp -quiet -dumpbase CMakeCXXCompilerABI.cpp -mtune=generic -march=x86-64 -auxbase-strip CMakeFiles/cmTC_5d228.dir/CMakeCXXCompilerABI.cpp.o -version -fstack-protector-strong -Wformat -Wformat-security -o /tmp/cceVC20M.s]
  ignore line: [GNU C++ (Ubuntu 5.3.1-14ubuntu2) version 5.3.1 20160413 (x86_64-linux-gnu)]
  ignore line: [	compiled by GNU C version 5.3.1 20160413  GMP version 6.1.0  MPFR version 3.1.4  MPC version 1.0.3]
  ignore line: [warning: GMP header version 6.1.0 differs from library version 6.2.1.]
  ignore line: [warning: MPC header version 1.0.3 differs from library version 1.2.1.]
  ignore line: [GGC heuristics: --param ggc-min-expand=100 --param ggc-min-heapsize=131072]
  ignore line: [ignoring duplicate directory "/usr/include/x86_64-linux-gnu/c++/5"]
  ignore line: [ignoring nonexistent directory "/usr/local/include/x86_64-linux-gnu"]
  ignore line: [ignoring nonexistent directory "/usr/lib/gcc/x86_64-linux-gnu/5/../../../../x86_64-linux-gnu/include"]
  ignore line: [#include "..." search starts here:]
  ignore line: [#include <...> search starts here:]
  ignore line: [ /usr/include/c++/5]
  ignore line: [ /usr/include/x86_64-linux-gnu/c++/5]
  ignore line: [ /usr/include/c++/5/backward]
  ignore line: [ /usr/lib/gcc/x86_64-linux-gnu/5/include]
  ignore line: [ /usr/local/include]
  ignore line: [ /usr/lib/gcc/x86_64-linux-gnu/5/include-fixed]
  ignore line: [ /usr/include/x86_64-linux-gnu]
  ignore line: [ /usr/include]
  ignore line: [End of search list.]
  ignore line: [GNU C++ (Ubuntu 5.3.1-14ubuntu2) version 5.3.1 20160413 (x86_64-linux-gnu)]
  ignore line: [	compiled by GNU C version 5.3.1 20160413  GMP version 6.1.0  MPFR version 3.1.4  MPC version 1.0.3]
  ignore line: [warning: GMP header version 6.1.0 differs from library version 6.2.1.]
  ignore line: [warning: MPC header version 1.0.3 differs from library version 1.2.1.]
  ignore line: [GGC heuristics: --param ggc-min-expand=100 --param ggc-min-heapsize=131072]
  ignore line: [Compiler executable checksum: a544146c1c8bd944ae4c4ff6181f339e]
  ignore line: [COLLECT_GCC_OPTIONS='-v' '-o' 'CMakeFiles/cmTC_5d228.dir/CMakeCXXCompilerABI.cpp.o' '-c' '-shared-libgcc' '-mtune=generic' '-march=x86-64']
  ignore line: [ as -v --64 -o CMakeFiles/cmTC_5d228.dir/CMakeCXXCompilerABI.cpp.o /tmp/cceVC20M.s]
  ignore line: [GNU assembler version 2.38 (x86_64-linux-gnu) using BFD version (GNU Binutils for Ubuntu) 2.38]
  ignore line: [COMPILER_PATH=/usr/lib/gcc/x86_64-linux-gnu/5/:/usr/lib/gcc/x86_64-linux-gnu/5/:/usr/lib/gcc/x86_64-linux-gnu/:/usr/lib/gcc/x86_64-linux-gnu/5/:/usr/lib/gcc/x86_64-linux-gnu/]
  ignore line: [LIBRARY_PATH=/usr/lib/gcc/x86_64-linux-gnu/5/:/usr/lib/gcc/x86_64-linux-gnu/5/../../../x86_64-linux-gnu/:/usr/lib/gcc/x86_64-linux-gnu/5/../../../../lib/:/lib/x86_64-linux-gnu/:/lib/../lib/:/usr/lib/x86_64-linux-gnu/:/usr/lib/../lib/:/usr/lib/gcc/x86_64-linux-gnu/5/../../../:/lib/:/usr/lib/]
  ignore line: [COLLECT_GCC_OPTIONS='-v' '-o' 'CMakeFiles/cmTC_5d228.dir/CMakeCXXCompilerABI.cpp.o' '-c' '-shared-libgcc' '-mtune=generic' '-march=x86-64']
  ignore line: [Linking CXX executable cmTC_5d228]
  ignore line: [/usr/bin/cmake -E cmake_link_script CMakeFiles/cmTC_5d228.dir/link.txt --verbose=1]
  ignore line: [/usr/bin/g++  -v -rdynamic CMakeFiles/cmTC_5d228.dir/CMakeCXXCompilerABI.cpp.o -o cmTC_5d228 ]
  ignore line: [Using built-in specs.]
  ignore line: [COLLECT_GCC=/usr/bin/g++]
  ignore line: [COLLECT_LTO_WRAPPER=/usr/lib/gcc/x86_64-linux-gnu/5/lto-wrapper]
  ignore line: [Target: x86_64-linux-gnu]
  ignore line: [Configured with: ../src/configure -v --with-pkgversion='Ubuntu 5.3.1-14ubuntu2' --with-bugurl=file:///usr/share/doc/gcc-5/README.Bugs --enable-languages=c ada c++ java go d fortran objc obj-c++ --prefix=/usr --program-suffix=-5 --enable-shared --enable-linker-build-id --libexecdir=/usr/lib --without-included-gettext --enable-threads=posix --libdir=/usr/lib --enable-nls --with-sysroot=/ --enable-clocale=gnu --enable-libstdcxx-debug --enable-libstdcxx-time=yes --with-default-libstdcxx-abi=new --enable-gnu-unique-object --disable-vtable-verify --enable-libmpx --enable-plugin --with-system-zlib --disable-browser-plugin --enable-java-awt=gtk --enable-gtk-cairo --with-java-home=/usr/lib/jvm/java-1.5.0-gcj-5-amd64/jre --enable-java-home --with-jvm-root-dir=/usr/lib/jvm/java-1.5.0-gcj-5-amd64 --with-jvm-jar-dir=/usr/lib/jvm-exports/java-1.5.0-gcj-5-amd64 --with-arch-directory=amd64 --with-ecj-jar=/usr/share/java/eclipse-ecj.jar --enable-objc-gc --enable-multiarch --disable-werror --with-arch-32=i686 --with-abi=m64 --with-multilib-list=m32 m64 mx32 --enable-multilib --with-tune=generic --enable-checking=release --build=x86_64-linux-gnu --host=x86_64-linux-gnu --target=x86_64-linux-gnu]
  ignore line: [Thread model: posix]
  ignore line: [gcc version 5.3.1 20160413 (Ubuntu 5.3.1-14ubuntu2) ]
  ignore line: [COMPILER_PATH=/usr/lib/gcc/x86_64-linux-gnu/5/:/usr/lib/gcc/x86_64-linux-gnu/5/:/usr/lib/gcc/x86_64-linux-gnu/:/usr/lib/gcc/x86_64-linux-gnu/5/:/usr/lib/gcc/x86_64-linux-gnu/]
  ignore line: [LIBRARY_PATH=/usr/lib/gcc/x86_64-linux-gnu/5/:/usr/lib/gcc/x86_64-linux-gnu/5/../../../x86_64-linux-gnu/:/usr/lib/gcc/x86_64-linux-gnu/5/../../../../lib/:/lib/x86_64-linux-gnu/:/lib/../lib/:/usr/lib/x86_64-linux-gnu/:/usr/lib/../lib/:/usr/lib/gcc/x86_64-linux-gnu/5/../../../:/lib/:/usr/lib/]
  ignore line: [COLLECT_GCC_OPTIONS='-v' '-rdynamic' '-o' 'cmTC_5d228' '-shared-libgcc' '-mtune=generic' '-march=x86-64']
  link line: [ /usr/lib/gcc/x86_64-linux-gnu/5/collect2 -plugin /usr/lib/gcc/x86_64-linux-gnu/5/liblto_plugin.so -plugin-opt=/usr/lib/gcc/x86_64-linux-gnu/5/lto-wrapper -plugin-opt=-fresolution=/tmp/ccCp2med.res -plugin-opt=-pass-through=-lgcc_s -plugin-opt=-pass-through=-lgcc -plugin-opt=-pass-through=-lc -plugin-opt=-pass-through=-lgcc_s -plugin-opt=-pass-through=-lgcc --sysroot=/ --build-id --eh-frame-hdr -m elf_x86_64 --hash-style=gnu --as-needed -export-dynamic -dynamic-linker /lib64/ld-linux-x86-64.so.2 -z relro -o cmTC_5d228 /usr/lib/gcc/x86_64-linux-gnu/5/../../../x86_64-linux-gnu/crt1.o /usr/lib/gcc/x86_64-linux-gnu/5/../../../x86_64-linux-gnu/crti.o /usr/lib/gcc/x86_64-linux-gnu/5/crtbegin.o -L/usr/lib/gcc/x86_64-linux-gnu/5 -L/usr/lib/gcc/x86_64-linux-gnu/5/../../../x86_64-linux-gnu -L/usr/lib/gcc/x86_64-linux-gnu/5/../../../../lib -L/lib/x86_64-linux-gnu -L/lib/../lib -L/usr/lib/x86_64-linux-gnu -L/usr/lib/../lib -L/usr/lib/gcc/x86_64-linux-gnu/5/../../.. CMakeFiles/cmTC_5d228.dir/CMakeCXXCompilerABI.cpp.o -lstdc++ -lm -lgcc_s -lgcc -lc -lgcc_s -lgcc /usr/lib/gcc/x86_64-linux-gnu/5/crtend.o /usr/lib/gcc/x86_64-linux-gnu/5/../../../x86_64-linux-gnu/crtn.o]
    arg [/usr/lib/gcc/x86_64-linux-gnu/5/collect2] ==> ignore
    arg [-plugin] ==> ignore
    arg [/usr/lib/gcc/x86_64-linux-gnu/5/liblto_plugin.so] ==> ignore
    arg [-plugin-opt=/usr/lib/gcc/x86_64-linux-gnu/5/lto-wrapper] ==> ignore
    arg [-plugin-opt=-fresolution=/tmp/ccCp2med.res] ==> ignore
    arg [-plugin-opt=-pass-through=-lgcc_s] ==> ignore
    arg [-plugin-opt=-pass-through=-lgcc] ==> ignore
    arg [-plugin-opt=-pass-through=-lc] ==> ignore
    arg [-plugin-opt=-pass-through=-lgcc_s] ==> ignore
    arg [-plugin-opt=-pass-through=-lgcc] ==> ignore
    arg [--sysroot=/] ==> ignore
    arg [--build-id] ==> ignore
    arg [--eh-frame-hdr] ==> ignore
    arg [-m] ==> ignore
    arg [elf_x86_64] ==> ignore
    arg [--hash-style=gnu] ==> ignore
    arg [--as-needed] ==> ignore
    arg [-export-dynamic] ==> ignore
    arg [-dynamic-linker] ==> ignore
    arg [/lib64/ld-linux-x86-64.so.2] ==> ignore
    arg [-zrelro] ==> ignore
    arg [-o] ==> ignore
    arg [cmTC_5d228] ==> ignore
    arg [/usr/lib/gcc/x86_64-linux-gnu/5/../../../x86_64-linux-gnu/crt1.o] ==> obj [/usr/lib/gcc/x86_64-linux-gnu/5/../../../x86_64-linux-gnu/crt1.o]
    arg [/usr/lib/gcc/x86_64-linux-gnu/5/../../../x86_64-linux-gnu/crti.o] ==> obj [/usr/lib/gcc/x86_64-linux-gnu/5/../../../x86_64-linux-gnu/crti.o]
    arg [/usr/lib/gcc/x86_64-linux-gnu/5/crtbegin.o] ==> obj [/usr/lib/gcc/x86_64-linux-gnu/5/crtbegin.o]
    arg [-L/usr/lib/gcc/x86_64-linux-gnu/5] ==> dir [/usr/lib/gcc/x86_64-linux-gnu/5]
    arg [-L/usr/lib/gcc/x86_64-linux-gnu/5/../../../x86_64-linux-gnu] ==> dir [/usr/lib/gcc/x86_64-linux-gnu/5/../../../x86_64-linux-gnu]
    arg [-L/usr/lib/gcc/x86_64-linux-gnu/5/../../../../lib] ==> dir [/usr/lib/gcc/x86_64-linux-gnu/5/../../../../lib]
    arg [-L/lib/x86_64-linux-gnu] ==> dir [/lib/x86_64-linux-gnu]
    arg [-L/lib/../lib] ==> dir [/lib/../lib]
    arg [-L/usr/lib/x86_64-linux-gnu] ==> dir [/usr/lib/x86_64-linux-gnu]
    arg [-L/usr/lib/../lib] ==> dir [/usr/lib/../lib]
    arg [-L/usr/lib/gcc/x86_64-linux-gnu/5/../../..] ==> dir [/usr/lib/gcc/x86_64-linux-gnu/5/../../..]
    arg [CMakeFiles/cmTC_5d228.dir/CMakeCXXCompilerABI.cpp.o] ==> ignore
    arg [-lstdc++] ==> lib [stdc++]
    arg [-lm] ==> lib [m]
    arg [-lgcc_s] ==> lib [gcc_s]
    arg [-lgcc] ==> lib [gcc]
    arg [-lc] ==> lib [c]
    arg [-lgcc_s] ==> lib [gcc_s]
    arg [-lgcc] ==> lib [gcc]
    arg [/usr/lib/gcc/x86_64-linux-gnu/5/crtend.o] ==> obj [/usr/lib/gcc/x86_64-linux-gnu/5/crtend.o]
    arg [/usr/lib/gcc/x86_64-linux-gnu/5/../../../x86_64-linux-gnu/crtn.o] ==> obj [/usr/lib/gcc/x86_64-linux-gnu/5/../../../x86_64-linux-gnu/crtn.o]
  collapse obj [/usr/lib/gcc/x86_64-linux-gnu/5/../../../x86_64-linux-gnu/crt1.o] ==> [/usr/lib/x86_64-linux-gnu/crt1.o]
  collapse obj [/usr/lib/gcc/x86_64-linux-gnu/5/../../../x86_64-linux-gnu/crti.o] ==> [/usr/lib/x86_64-linux-gnu/crti.o]
  collapse obj [/usr/lib/gcc/x86_64-linux-gnu/5/../../../x86_64-linux-gnu/crtn.o] ==> [/usr/lib/x86_64-linux-gnu/crtn.o]
  collapse library dir [/usr/lib/gcc/x86_64-linux-gnu/5] ==> [/usr/lib/gcc/x86_64-linux-gnu/5]
  collapse library dir [/usr/lib/gcc/x86_64-linux-gnu/5/../../../x86_64-linux-gnu] ==> [/usr/lib/x86_64-linux-gnu]
  collapse library dir [/usr/lib/gcc/x86_64-linux-gnu/5/../../../../lib] ==> [/usr/lib]
  collapse library dir [/lib/x86_64-linux-gnu] ==> [/lib/x86_64-linux-gnu]
  collapse library dir [/lib/../lib] ==> [/lib]
  collapse library dir [/usr/lib/x86_64-linux-gnu] ==> [/usr/lib/x86_64-linux-gnu]
  collapse library dir [/usr/lib/../lib] ==> [/usr/lib]
  collapse library dir [/usr/lib/gcc/x86_64-linux-gnu/5/../../..] ==> [/usr/lib]
  implicit libs: [stdc++;m;gcc_s;gcc;c;gcc_s;gcc]
  implicit objs: [/usr/lib/x86_64-linux-gnu/crt1.o;/usr/lib/x86_64-linux-gnu/crti.o;/usr/lib/gcc/x86_64-linux-gnu/5/crtbegin.o;/usr/lib/gcc/x86_64-linux-gnu/5/crtend.o;/usr/lib/x86_64-linux-gnu/crtn.o]
  implicit dirs: [/usr/lib/gcc/x86_64-linux-gnu/5;/usr/lib/x86_64-linux-gnu;/usr/lib;/lib/x86_64-linux-gnu;/lib]
  implicit fwks: []


Performing C++ SOURCE FILE Test standard_math_library_linked_to_automatically succeeded with the following output:
Change Dir: /home/duc/Desktop/Photometric/lib/eigen/eigen-3.3.4/build/CMakeFiles/CMakeTmp

Run Build Command(s):/usr/bin/gmake -f Makefile cmTC_af7a7/fast && /usr/bin/gmake  -f CMakeFiles/cmTC_af7a7.dir/build.make CMakeFiles/cmTC_af7a7.dir/build
gmake[1]: Entering directory '/home/duc/Desktop/Photometric/lib/eigen/eigen-3.3.4/build/CMakeFiles/CMakeTmp'
Building CXX object CMakeFiles/cmTC_af7a7.dir/src.cxx.o
/usr/bin/g++ -Dstandard_math_library_linked_to_automatically   -o CMakeFiles/cmTC_af7a7.dir/src.cxx.o -c /home/duc/Desktop/Photometric/lib/eigen/eigen-3.3.4/build/CMakeFiles/CMakeTmp/src.cxx
Linking CXX executable cmTC_af7a7
/usr/bin/cmake -E cmake_link_script CMakeFiles/cmTC_af7a7.dir/link.txt --verbose=1
/usr/bin/g++ -rdynamic CMakeFiles/cmTC_af7a7.dir/src.cxx.o -o cmTC_af7a7 
gmake[1]: Leaving directory '/home/duc/Desktop/Photometric/lib/eigen/eigen-3.3.4/build/CMakeFiles/CMakeTmp'


Source file was:
#include<cmath>
int main() { std::sin(0.0); std::log(0.0f); }
Performing C++ SOURCE FILE Test COMPILER_SUPPORT_WERROR succeeded with the following output:
Change Dir: /home/duc/Desktop/Photometric/lib/eigen/eigen-3.3.4/build/CMakeFiles/CMakeTmp

Run Build Command(s):/usr/bin/gmake -f Makefile cmTC_c8230/fast && /usr/bin/gmake  -f CMakeFiles/cmTC_c8230.dir/build.make CMakeFiles/cmTC_c8230.dir/build
gmake[1]: Entering directory '/home/duc/Desktop/Photometric/lib/eigen/eigen-3.3.4/build/CMakeFiles/CMakeTmp'
Building CXX object CMakeFiles/cmTC_c8230.dir/src.cxx.o
/usr/bin/g++ -DCOMPILER_SUPPORT_WERROR  -Werror -o CMakeFiles/cmTC_c8230.dir/src.cxx.o -c /home/duc/Desktop/Photometric/lib/eigen/eigen-3.3.4/build/CMakeFiles/CMakeTmp/src.cxx
Linking CXX executable cmTC_c8230
/usr/bin/cmake -E cmake_link_script CMakeFiles/cmTC_c8230.dir/link.txt --verbose=1
/usr/bin/g++ -rdynamic CMakeFiles/cmTC_c8230.dir/src.cxx.o -o cmTC_c8230 
gmake[1]: Leaving directory '/home/duc/Desktop/Photometric/lib/eigen/eigen-3.3.4/build/CMakeFiles/CMakeTmp'


Source file was:
int main() { return 0; }
Performing C++ SOURCE FILE Test COMPILER_SUPPORT_pedantic succeeded with the following output:
Change Dir: /home/duc/Desktop/Photometric/lib/eigen/eigen-3.3.4/build/CMakeFiles/CMakeTmp

Run Build Command(s):/usr/bin/gmake -f Makefile cmTC_9bc1f/fast && /usr/bin/gmake  -f CMakeFiles/cmTC_9bc1f.dir/build.make CMakeFiles/cmTC_9bc1f.dir/build
gmake[1]: Entering directory '/home/duc/Desktop/Photometric/lib/eigen/eigen-3.3.4/build/CMakeFiles/CMakeTmp'
Building CXX object CMakeFiles/cmTC_9bc1f.dir/src.cxx.o
/usr/bin/g++ -DCOMPILER_SUPPORT_pedantic  -Werror   -pedantic -o CMakeFiles/cmTC_9bc1f.dir/src.cxx.o -c /home/duc/Desktop/Photometric/lib/eigen/eigen-3.3.4/build/CMakeFiles/CMakeTmp/src.cxx
Linking CXX executable cmTC_9bc1f
/usr/bin/cmake -E cmake_link_script CMakeFiles/cmTC_9bc1f.dir/link.txt --verbose=1
/usr/bin/g++  -Werror -rdynamic CMakeFiles/cmTC_9bc1f.dir/src.cxx.o -o cmTC_9bc1f 
gmake[1]: Leaving directory '/home/duc/Desktop/Photometric/lib/eigen/eigen-3.3.4/build/CMakeFiles/CMakeTmp'


Source file was:
int main() { return 0; }
Performing C++ SOURCE FILE Test COMPILER_SUPPORT_Wall succeeded with the following output:
Change Dir: /home/duc/Desktop/Photometric/lib/eigen/eigen-3.3.4/build/CMakeFiles/CMakeTmp

Run Build Command(s):/usr/bin/gmake -f Makefile cmTC_1778f/fast && /usr/bin/gmake  -f CMakeFiles/cmTC_1778f.dir/build.make CMakeFiles/cmTC_1778f.dir/build
gmake[1]: Entering directory '/home/duc/Desktop/Photometric/lib/eigen/eigen-3.3.4/build/CMakeFiles/CMakeTmp'
Building CXX object CMakeFiles/cmTC_1778f.dir/src.cxx.o
/usr/bin/g++ -DCOMPILER_SUPPORT_Wall  -pedantic -Werror   -Wall -o CMakeFiles/cmTC_1778f.dir/src.cxx.o -c /home/duc/Desktop/Photometric/lib/eigen/eigen-3.3.4/build/CMakeFiles/CMakeTmp/src.cxx
Linking CXX executable cmTC_1778f
/usr/bin/cmake -E cmake_link_script CMakeFiles/cmTC_1778f.dir/link.txt --verbose=1
/usr/bin/g++  -pedantic -Werror -rdynamic CMakeFiles/cmTC_1778f.dir/src.cxx.o -o cmTC_1778f 
gmake[1]: Leaving directory '/home/duc/Desktop/Photometric/lib/eigen/eigen-3.3.4/build/CMakeFiles/CMakeTmp'


Source file was:
int main() { return 0; }
Performing C++ SOURCE FILE Test COMPILER_SUPPORT_Wextra succeeded with the following output:
Change Dir: /home/duc/Desktop/Photometric/lib/eigen/eigen-3.3.4/build/CMakeFiles/CMakeTmp

Run Build Command(s):/usr/bin/gmake -f Makefile cmTC_9fb22/fast && /usr/bin/gmake  -f CMakeFiles/cmTC_9fb22.dir/build.make CMakeFiles/cmTC_9fb22.dir/build
gmake[1]: Entering directory '/home/duc/Desktop/Photometric/lib/eigen/eigen-3.3.4/build/CMakeFiles/CMakeTmp'
Building CXX object CMakeFiles/cmTC_9fb22.dir/src.cxx.o
/usr/bin/g++ -DCOMPILER_SUPPORT_Wextra  -pedantic -Wall -Werror   -Wextra -o CMakeFiles/cmTC_9fb22.dir/src.cxx.o -c /home/duc/Desktop/Photometric/lib/eigen/eigen-3.3.4/build/CMakeFiles/CMakeTmp/src.cxx
Linking CXX executable cmTC_9fb22
/usr/bin/cmake -E cmake_link_script CMakeFiles/cmTC_9fb22.dir/link.txt --verbose=1
/usr/bin/g++  -pedantic -Wall -Werror -rdynamic CMakeFiles/cmTC_9fb22.dir/src.cxx.o -o cmTC_9fb22 
gmake[1]: Leaving directory '/home/duc/Desktop/Photometric/lib/eigen/eigen-3.3.4/build/CMakeFiles/CMakeTmp'


Source file was:
int main() { return 0; }
Performing C++ SOURCE FILE Test COMPILER_SUPPORT_Wundef succeeded with the following output:
Change Dir: /home/duc/Desktop/Photometric/lib/eigen/eigen-3.3.4/build/CMakeFiles/CMakeTmp

Run Build Command(s):/usr/bin/gmake -f Makefile cmTC_ad29c/fast && /usr/bin/gmake  -f CMakeFiles/cmTC_ad29c.dir/build.make CMakeFiles/cmTC_ad29c.dir/build
gmake[1]: Entering directory '/home/duc/Desktop/Photometric/lib/eigen/eigen-3.3.4/build/CMakeFiles/CMakeTmp'
Building CXX object CMakeFiles/cmTC_ad29c.dir/src.cxx.o
/usr/bin/g++ -DCOMPILER_SUPPORT_Wundef  -pedantic -Wall -Wextra -Werror   -Wundef -o CMakeFiles/cmTC_ad29c.dir/src.cxx.o -c /home/duc/Desktop/Photometric/lib/eigen/eigen-3.3.4/build/CMakeFiles/CMakeTmp/src.cxx
Linking CXX executable cmTC_ad29c
/usr/bin/cmake -E cmake_link_script CMakeFiles/cmTC_ad29c.dir/link.txt --verbose=1
/usr/bin/g++  -pedantic -Wall -Wextra -Werror -rdynamic CMakeFiles/cmTC_ad29c.dir/src.cxx.o -o cmTC_ad29c 
gmake[1]: Leaving directory '/home/duc/Desktop/Photometric/lib/eigen/eigen-3.3.4/build/CMakeFiles/CMakeTmp'


Source file was:
int main() { return 0; }
Performing C++ SOURCE FILE Test COMPILER_SUPPORT_Wcastalign succeeded with the following output:
Change Dir: /home/duc/Desktop/Photometric/lib/eigen/eigen-3.3.4/build/CMakeFiles/CMakeTmp

Run Build Command(s):/usr/bin/gmake -f Makefile cmTC_e7a56/fast && /usr/bin/gmake  -f CMakeFiles/cmTC_e7a56.dir/build.make CMakeFiles/cmTC_e7a56.dir/build
gmake[1]: Entering directory '/home/duc/Desktop/Photometric/lib/eigen/eigen-3.3.4/build/CMakeFiles/CMakeTmp'
Building CXX object CMakeFiles/cmTC_e7a56.dir/src.cxx.o
/usr/bin/g++ -DCOMPILER_SUPPORT_Wcastalign  -pedantic -Wall -Wextra -Wundef -Werror   -Wcast-align -o CMakeFiles/cmTC_e7a56.dir/src.cxx.o -c /home/duc/Desktop/Photometric/lib/eigen/eigen-3.3.4/build/CMakeFiles/CMakeTmp/src.cxx
Linking CXX executable cmTC_e7a56
/usr/bin/cmake -E cmake_link_script CMakeFiles/cmTC_e7a56.dir/link.txt --verbose=1
/usr/bin/g++  -pedantic -Wall -Wextra -Wundef -Werror -rdynamic CMakeFiles/cmTC_e7a56.dir/src.cxx.o -o cmTC_e7a56 
gmake[1]: Leaving directory '/home/duc/Desktop/Photometric/lib/eigen/eigen-3.3.4/build/CMakeFiles/CMakeTmp'


Source file was:
int main() { return 0; }
Performing C++ SOURCE FILE Test COMPILER_SUPPORT_Wcharsubscripts succeeded with the following output:
Change Dir: /home/duc/Desktop/Photometric/lib/eigen/eigen-3.3.4/build/CMakeFiles/CMakeTmp

Run Build Command(s):/usr/bin/gmake -f Makefile cmTC_494c9/fast && /usr/bin/gmake  -f CMakeFiles/cmTC_494c9.dir/build.make CMakeFiles/cmTC_494c9.dir/build
gmake[1]: Entering directory '/home/duc/Desktop/Photometric/lib/eigen/eigen-3.3.4/build/CMakeFiles/CMakeTmp'
Building CXX object CMakeFiles/cmTC_494c9.dir/src.cxx.o
/usr/bin/g++ -DCOMPILER_SUPPORT_Wcharsubscripts  -pedantic -Wall -Wextra -Wundef -Wcast-align -Werror   -Wchar-subscripts -o CMakeFiles/cmTC_494c9.dir/src.cxx.o -c /home/duc/Desktop/Photometric/lib/eigen/eigen-3.3.4/build/CMakeFiles/CMakeTmp/src.cxx
Linking CXX executable cmTC_494c9
/usr/bin/cmake -E cmake_link_script CMakeFiles/cmTC_494c9.dir/link.txt --verbose=1
/usr/bin/g++  -pedantic -Wall -Wextra -Wundef -Wcast-align -Werror -rdynamic CMakeFiles/cmTC_494c9.dir/src.cxx.o -o cmTC_494c9 
gmake[1]: Leaving directory '/home/duc/Desktop/Photometric/lib/eigen/eigen-3.3.4/build/CMakeFiles/CMakeTmp'


Source file was:
int main() { return 0; }
Performing C++ SOURCE FILE Test COMPILER_SUPPORT_Wnonvirtualdtor succeeded with the following output:
Change Dir: /home/duc/Desktop/Photometric/lib/eigen/eigen-3.3.4/build/CMakeFiles/CMakeTmp

Run Build Command(s):/usr/bin/gmake -f Makefile cmTC_f999b/fast && /usr/bin/gmake  -f CMakeFiles/cmTC_f999b.dir/build.make CMakeFiles/cmTC_f999b.dir/build
gmake[1]: Entering directory '/home/duc/Desktop/Photometric/lib/eigen/eigen-3.3.4/build/CMakeFiles/CMakeTmp'
Building CXX object CMakeFiles/cmTC_f999b.dir/src.cxx.o
/usr/bin/g++ -DCOMPILER_SUPPORT_Wnonvirtualdtor  -pedantic -Wall -Wextra -Wundef -Wcast-align -Wchar-subscripts -Werror   -Wnon-virtual-dtor -o CMakeFiles/cmTC_f999b.dir/src.cxx.o -c /home/duc/Desktop/Photometric/lib/eigen/eigen-3.3.4/build/CMakeFiles/CMakeTmp/src.cxx
Linking CXX executable cmTC_f999b
/usr/bin/cmake -E cmake_link_script CMakeFiles/cmTC_f999b.dir/link.txt --verbose=1
/usr/bin/g++  -pedantic -Wall -Wextra -Wundef -Wcast-align -Wchar-subscripts -Werror -rdynamic CMakeFiles/cmTC_f999b.dir/src.cxx.o -o cmTC_f999b 
gmake[1]: Leaving directory '/home/duc/Desktop/Photometric/lib/eigen/eigen-3.3.4/build/CMakeFiles/CMakeTmp'


Source file was:
int main() { return 0; }
Performing C++ SOURCE FILE Test COMPILER_SUPPORT_Wunusedlocaltypedefs succeeded with the following output:
Change Dir: /home/duc/Desktop/Photometric/lib/eigen/eigen-3.3.4/build/CMakeFiles/CMakeTmp

Run Build Command(s):/usr/bin/gmake -f Makefile cmTC_d16fc/fast && /usr/bin/gmake  -f CMakeFiles/cmTC_d16fc.dir/build.make CMakeFiles/cmTC_d16fc.dir/build
gmake[1]: Entering directory '/home/duc/Desktop/Photometric/lib/eigen/eigen-3.3.4/build/CMakeFiles/CMakeTmp'
Building CXX object CMakeFiles/cmTC_d16fc.dir/src.cxx.o
/usr/bin/g++ -DCOMPILER_SUPPORT_Wunusedlocaltypedefs  -pedantic -Wall -Wextra -Wundef -Wcast-align -Wchar-subscripts -Wnon-virtual-dtor -Werror   -Wunused-local-typedefs -o CMakeFiles/cmTC_d16fc.dir/src.cxx.o -c /home/duc/Desktop/Photometric/lib/eigen/eigen-3.3.4/build/CMakeFiles/CMakeTmp/src.cxx
Linking CXX executable cmTC_d16fc
/usr/bin/cmake -E cmake_link_script CMakeFiles/cmTC_d16fc.dir/link.txt --verbose=1
/usr/bin/g++  -pedantic -Wall -Wextra -Wundef -Wcast-align -Wchar-subscripts -Wnon-virtual-dtor -Werror -rdynamic CMakeFiles/cmTC_d16fc.dir/src.cxx.o -o cmTC_d16fc 
gmake[1]: Leaving directory '/home/duc/Desktop/Photometric/lib/eigen/eigen-3.3.4/build/CMakeFiles/CMakeTmp'


Source file was:
int main() { return 0; }
Performing C++ SOURCE FILE Test COMPILER_SUPPORT_Wpointerarith succeeded with the following output:
Change Dir: /home/duc/Desktop/Photometric/lib/eigen/eigen-3.3.4/build/CMakeFiles/CMakeTmp

Run Build Command(s):/usr/bin/gmake -f Makefile cmTC_d3c1e/fast && /usr/bin/gmake  -f CMakeFiles/cmTC_d3c1e.dir/build.make CMakeFiles/cmTC_d3c1e.dir/build
gmake[1]: Entering directory '/home/duc/Desktop/Photometric/lib/eigen/eigen-3.3.4/build/CMakeFiles/CMakeTmp'
Building CXX object CMakeFiles/cmTC_d3c1e.dir/src.cxx.o
/usr/bin/g++ -DCOMPILER_SUPPORT_Wpointerarith  -pedantic -Wall -Wextra -Wundef -Wcast-align -Wchar-subscripts -Wnon-virtual-dtor -Wunused-local-typedefs -Werror   -Wpointer-arith -o CMakeFiles/cmTC_d3c1e.dir/src.cxx.o -c /home/duc/Desktop/Photometric/lib/eigen/eigen-3.3.4/build/CMakeFiles/CMakeTmp/src.cxx
Linking CXX executable cmTC_d3c1e
/usr/bin/cmake -E cmake_link_script CMakeFiles/cmTC_d3c1e.dir/link.txt --verbose=1
/usr/bin/g++  -pedantic -Wall -Wextra -Wundef -Wcast-align -Wchar-subscripts -Wnon-virtual-dtor -Wunused-local-typedefs -Werror -rdynamic CMakeFiles/cmTC_d3c1e.dir/src.cxx.o -o cmTC_d3c1e 
gmake[1]: Leaving directory '/home/duc/Desktop/Photometric/lib/eigen/eigen-3.3.4/build/CMakeFiles/CMakeTmp'


Source file was:
int main() { return 0; }
Performing C++ SOURCE FILE Test COMPILER_SUPPORT_Wwritestrings succeeded with the following output:
Change Dir: /home/duc/Desktop/Photometric/lib/eigen/eigen-3.3.4/build/CMakeFiles/CMakeTmp

Run Build Command(s):/usr/bin/gmake -f Makefile cmTC_9c2dc/fast && /usr/bin/gmake  -f CMakeFiles/cmTC_9c2dc.dir/build.make CMakeFiles/cmTC_9c2dc.dir/build
gmake[1]: Entering directory '/home/duc/Desktop/Photometric/lib/eigen/eigen-3.3.4/build/CMakeFiles/CMakeTmp'
Building CXX object CMakeFiles/cmTC_9c2dc.dir/src.cxx.o
/usr/bin/g++ -DCOMPILER_SUPPORT_Wwritestrings  -pedantic -Wall -Wextra -Wundef -Wcast-align -Wchar-subscripts -Wnon-virtual-dtor -Wunused-local-typedefs -Wpointer-arith -Werror   -Wwrite-strings -o CMakeFiles/cmTC_9c2dc.dir/src.cxx.o -c /home/duc/Desktop/Photometric/lib/eigen/eigen-3.3.4/build/CMakeFiles/CMakeTmp/src.cxx
Linking CXX executable cmTC_9c2dc
/usr/bin/cmake -E cmake_link_script CMakeFiles/cmTC_9c2dc.dir/link.txt --verbose=1
/usr/bin/g++  -pedantic -Wall -Wextra -Wundef -Wcast-align -Wchar-subscripts -Wnon-virtual-dtor -Wunused-local-typedefs -Wpointer-arith -Werror -rdynamic CMakeFiles/cmTC_9c2dc.dir/src.cxx.o -o cmTC_9c2dc 
gmake[1]: Leaving directory '/home/duc/Desktop/Photometric/lib/eigen/eigen-3.3.4/build/CMakeFiles/CMakeTmp'


Source file was:
int main() { return 0; }
Performing C++ SOURCE FILE Test COMPILER_SUPPORT_Wformatsecurity succeeded with the following output:
Change Dir: /home/duc/Desktop/Photometric/lib/eigen/eigen-3.3.4/build/CMakeFiles/CMakeTmp

Run Build Command(s):/usr/bin/gmake -f Makefile cmTC_46b84/fast && /usr/bin/gmake  -f CMakeFiles/cmTC_46b84.dir/build.make CMakeFiles/cmTC_46b84.dir/build
gmake[1]: Entering directory '/home/duc/Desktop/Photometric/lib/eigen/eigen-3.3.4/build/CMakeFiles/CMakeTmp'
Building CXX object CMakeFiles/cmTC_46b84.dir/src.cxx.o
/usr/bin/g++ -DCOMPILER_SUPPORT_Wformatsecurity  -pedantic -Wall -Wextra -Wundef -Wcast-align -Wchar-subscripts -Wnon-virtual-dtor -Wunused-local-typedefs -Wpointer-arith -Wwrite-strings -Werror   -Wformat-security -o CMakeFiles/cmTC_46b84.dir/src.cxx.o -c /home/duc/Desktop/Photometric/lib/eigen/eigen-3.3.4/build/CMakeFiles/CMakeTmp/src.cxx
Linking CXX executable cmTC_46b84
/usr/bin/cmake -E cmake_link_script CMakeFiles/cmTC_46b84.dir/link.txt --verbose=1
/usr/bin/g++  -pedantic -Wall -Wextra -Wundef -Wcast-align -Wchar-subscripts -Wnon-virtual-dtor -Wunused-local-typedefs -Wpointer-arith -Wwrite-strings -Werror -rdynamic CMakeFiles/cmTC_46b84.dir/src.cxx.o -o cmTC_46b84 
gmake[1]: Leaving directory '/home/duc/Desktop/Photometric/lib/eigen/eigen-3.3.4/build/CMakeFiles/CMakeTmp'


Source file was:
int main() { return 0; }
Performing C++ SOURCE FILE Test COMPILER_SUPPORT_Wlogicalop succeeded with the following output:
Change Dir: /home/duc/Desktop/Photometric/lib/eigen/eigen-3.3.4/build/CMakeFiles/CMakeTmp

Run Build Command(s):/usr/bin/gmake -f Makefile cmTC_19a5f/fast && /usr/bin/gmake  -f CMakeFiles/cmTC_19a5f.dir/build.make CMakeFiles/cmTC_19a5f.dir/build
gmake[1]: Entering directory '/home/duc/Desktop/Photometric/lib/eigen/eigen-3.3.4/build/CMakeFiles/CMakeTmp'
Building CXX object CMakeFiles/cmTC_19a5f.dir/src.cxx.o
/usr/bin/g++ -DCOMPILER_SUPPORT_Wlogicalop  -pedantic -Wall -Wextra -Wundef -Wcast-align -Wchar-subscripts -Wnon-virtual-dtor -Wunused-local-typedefs -Wpointer-arith -Wwrite-strings -Wformat-security -Werror   -Wlogical-op -o CMakeFiles/cmTC_19a5f.dir/src.cxx.o -c /home/duc/Desktop/Photometric/lib/eigen/eigen-3.3.4/build/CMakeFiles/CMakeTmp/src.cxx
Linking CXX executable cmTC_19a5f
/usr/bin/cmake -E cmake_link_script CMakeFiles/cmTC_19a5f.dir/link.txt --verbose=1
/usr/bin/g++  -pedantic -Wall -Wextra -Wundef -Wcast-align -Wchar-subscripts -Wnon-virtual-dtor -Wunused-local-typedefs -Wpointer-arith -Wwrite-strings -Wformat-security -Werror -rdynamic CMakeFiles/cmTC_19a5f.dir/src.cxx.o -o cmTC_19a5f 
gmake[1]: Leaving directory '/home/duc/Desktop/Photometric/lib/eigen/eigen-3.3.4/build/CMakeFiles/CMakeTmp'


Source file was:
int main() { return 0; }
Performing C++ SOURCE FILE Test COMPILER_SUPPORT_Wdoublepromotion succeeded with the following output:
Change Dir: /home/duc/Desktop/Photometric/lib/eigen/eigen-3.3.4/build/CMakeFiles/CMakeTmp

Run Build Command(s):/usr/bin/gmake -f Makefile cmTC_9700a/fast && /usr/bin/gmake  -f CMakeFiles/cmTC_9700a.dir/build.make CMakeFiles/cmTC_9700a.dir/build
gmake[1]: Entering directory '/home/duc/Desktop/Photometric/lib/eigen/eigen-3.3.4/build/CMakeFiles/CMakeTmp'
Building CXX object CMakeFiles/cmTC_9700a.dir/src.cxx.o
/usr/bin/g++ -DCOMPILER_SUPPORT_Wdoublepromotion  -pedantic -Wall -Wextra -Wundef -Wcast-align -Wchar-subscripts -Wnon-virtual-dtor -Wunused-local-typedefs -Wpointer-arith -Wwrite-strings -Wformat-security -Wlogical-op -Werror   -Wdouble-promotion -o CMakeFiles/cmTC_9700a.dir/src.cxx.o -c /home/duc/Desktop/Photometric/lib/eigen/eigen-3.3.4/build/CMakeFiles/CMakeTmp/src.cxx
Linking CXX executable cmTC_9700a
/usr/bin/cmake -E cmake_link_script CMakeFiles/cmTC_9700a.dir/link.txt --verbose=1
/usr/bin/g++  -pedantic -Wall -Wextra -Wundef -Wcast-align -Wchar-subscripts -Wnon-virtual-dtor -Wunused-local-typedefs -Wpointer-arith -Wwrite-strings -Wformat-security -Wlogical-op -Werror -rdynamic CMakeFiles/cmTC_9700a.dir/src.cxx.o -o cmTC_9700a 
gmake[1]: Leaving directory '/home/duc/Desktop/Photometric/lib/eigen/eigen-3.3.4/build/CMakeFiles/CMakeTmp'


Source file was:
int main() { return 0; }
Performing C++ SOURCE FILE Test COMPILER_SUPPORT_Wnopsabi succeeded with the following output:
Change Dir: /home/duc/Desktop/Photometric/lib/eigen/eigen-3.3.4/build/CMakeFiles/CMakeTmp

Run Build Command(s):/usr/bin/gmake -f Makefile cmTC_44722/fast && /usr/bin/gmake  -f CMakeFiles/cmTC_44722.dir/build.make CMakeFiles/cmTC_44722.dir/build
gmake[1]: Entering directory '/home/duc/Desktop/Photometric/lib/eigen/eigen-3.3.4/build/CMakeFiles/CMakeTmp'
Building CXX object CMakeFiles/cmTC_44722.dir/src.cxx.o
/usr/bin/g++ -DCOMPILER_SUPPORT_Wnopsabi  -pedantic -Wall -Wextra -Wundef -Wcast-align -Wchar-subscripts -Wnon-virtual-dtor -Wunused-local-typedefs -Wpointer-arith -Wwrite-strings -Wformat-security -Wlogical-op -Wdouble-promotion -Werror   -Wno-psabi -o CMakeFiles/cmTC_44722.dir/src.cxx.o -c /home/duc/Desktop/Photometric/lib/eigen/eigen-3.3.4/build/CMakeFiles/CMakeTmp/src.cxx
Linking CXX executable cmTC_44722
/usr/bin/cmake -E cmake_link_script CMakeFiles/cmTC_44722.dir/link.txt --verbose=1
/usr/bin/g++  -pedantic -Wall -Wextra -Wundef -Wcast-align -Wchar-subscripts -Wnon-virtual-dtor -Wunused-local-typedefs -Wpointer-arith -Wwrite-strings -Wformat-security -Wlogical-op -Wdouble-promotion -Werror -rdynamic CMakeFiles/cmTC_44722.dir/src.cxx.o -o cmTC_44722 
gmake[1]: Leaving directory '/home/duc/Desktop/Photometric/lib/eigen/eigen-3.3.4/build/CMakeFiles/CMakeTmp'


Source file was:
int main() { return 0; }
Performing C++ SOURCE FILE Test COMPILER_SUPPORT_Wnovariadicmacros succeeded with the following output:
Change Dir: /home/duc/Desktop/Photometric/lib/eigen/eigen-3.3.4/build/CMakeFiles/CMakeTmp

Run Build Command(s):/usr/bin/gmake -f Makefile cmTC_53d29/fast && /usr/bin/gmake  -f CMakeFiles/cmTC_53d29.dir/build.make CMakeFiles/cmTC_53d29.dir/build
gmake[1]: Entering directory '/home/duc/Desktop/Photometric/lib/eigen/eigen-3.3.4/build/CMakeFiles/CMakeTmp'
Building CXX object CMakeFiles/cmTC_53d29.dir/src.cxx.o
/usr/bin/g++ -DCOMPILER_SUPPORT_Wnovariadicmacros  -pedantic -Wall -Wextra -Wundef -Wcast-align -Wchar-subscripts -Wnon-virtual-dtor -Wunused-local-typedefs -Wpointer-arith -Wwrite-strings -Wformat-security -Wlogical-op -Wdouble-promotion -Wno-psabi -Werror   -Wno-variadic-macros -o CMakeFiles/cmTC_53d29.dir/src.cxx.o -c /home/duc/Desktop/Photometric/lib/eigen/eigen-3.3.4/build/CMakeFiles/CMakeTmp/src.cxx
Linking CXX executable cmTC_53d29
/usr/bin/cmake -E cmake_link_script CMakeFiles/cmTC_53d29.dir/link.txt --verbose=1
/usr/bin/g++  -pedantic -Wall -Wextra -Wundef -Wcast-align -Wchar-subscripts -Wnon-virtual-dtor -Wunused-local-typedefs -Wpointer-arith -Wwrite-strings -Wformat-security -Wlogical-op -Wdouble-promotion -Wno-psabi -Werror -rdynamic CMakeFiles/cmTC_53d29.dir/src.cxx.o -o cmTC_53d29 
gmake[1]: Leaving directory '/home/duc/Desktop/Photometric/lib/eigen/eigen-3.3.4/build/CMakeFiles/CMakeTmp'


Source file was:
int main() { return 0; }
Performing C++ SOURCE FILE Test COMPILER_SUPPORT_Wnolonglong succeeded with the following output:
Change Dir: /home/duc/Desktop/Photometric/lib/eigen/eigen-3.3.4/build/CMakeFiles/CMakeTmp

Run Build Command(s):/usr/bin/gmake -f Makefile cmTC_798dc/fast && /usr/bin/gmake  -f CMakeFiles/cmTC_798dc.dir/build.make CMakeFiles/cmTC_798dc.dir/build
gmake[1]: Entering directory '/home/duc/Desktop/Photometric/lib/eigen/eigen-3.3.4/build/CMakeFiles/CMakeTmp'
Building CXX object CMakeFiles/cmTC_798dc.dir/src.cxx.o
/usr/bin/g++ -DCOMPILER_SUPPORT_Wnolonglong  -pedantic -Wall -Wextra -Wundef -Wcast-align -Wchar-subscripts -Wnon-virtual-dtor -Wunused-local-typedefs -Wpointer-arith -Wwrite-strings -Wformat-security -Wlogical-op -Wdouble-promotion -Wno-psabi -Wno-variadic-macros -Werror   -Wno-long-long -o CMakeFiles/cmTC_798dc.dir/src.cxx.o -c /home/duc/Desktop/Photometric/lib/eigen/eigen-3.3.4/build/CMakeFiles/CMakeTmp/src.cxx
Linking CXX executable cmTC_798dc
/usr/bin/cmake -E cmake_link_script CMakeFiles/cmTC_798dc.dir/link.txt --verbose=1
/usr/bin/g++  -pedantic -Wall -Wextra -Wundef -Wcast-align -Wchar-subscripts -Wnon-virtual-dtor -Wunused-local-typedefs -Wpointer-arith -Wwrite-strings -Wformat-security -Wlogical-op -Wdouble-promotion -Wno-psabi -Wno-variadic-macros -Werror -rdynamic CMakeFiles/cmTC_798dc.dir/src.cxx.o -o cmTC_798dc 
gmake[1]: Leaving directory '/home/duc/Desktop/Photometric/lib/eigen/eigen-3.3.4/build/CMakeFiles/CMakeTmp'


Source file was:
int main() { return 0; }
Performing C++ SOURCE FILE Test COMPILER_SUPPORT_fnochecknew succeeded with the following output:
Change Dir: /home/duc/Desktop/Photometric/lib/eigen/eigen-3.3.4/build/CMakeFiles/CMakeTmp

Run Build Command(s):/usr/bin/gmake -f Makefile cmTC_148df/fast && /usr/bin/gmake  -f CMakeFiles/cmTC_148df.dir/build.make CMakeFiles/cmTC_148df.dir/build
gmake[1]: Entering directory '/home/duc/Desktop/Photometric/lib/eigen/eigen-3.3.4/build/CMakeFiles/CMakeTmp'
Building CXX object CMakeFiles/cmTC_148df.dir/src.cxx.o
/usr/bin/g++ -DCOMPILER_SUPPORT_fnochecknew  -pedantic -Wall -Wextra -Wundef -Wcast-align -Wchar-subscripts -Wnon-virtual-dtor -Wunused-local-typedefs -Wpointer-arith -Wwrite-strings -Wformat-security -Wlogical-op -Wdouble-promotion -Wno-psabi -Wno-variadic-macros -Wno-long-long -Werror   -fno-check-new -o CMakeFiles/cmTC_148df.dir/src.cxx.o -c /home/duc/Desktop/Photometric/lib/eigen/eigen-3.3.4/build/CMakeFiles/CMakeTmp/src.cxx
Linking CXX executable cmTC_148df
/usr/bin/cmake -E cmake_link_script CMakeFiles/cmTC_148df.dir/link.txt --verbose=1
/usr/bin/g++  -pedantic -Wall -Wextra -Wundef -Wcast-align -Wchar-subscripts -Wnon-virtual-dtor -Wunused-local-typedefs -Wpointer-arith -Wwrite-strings -Wformat-security -Wlogical-op -Wdouble-promotion -Wno-psabi -Wno-variadic-macros -Wno-long-long -Werror -rdynamic CMakeFiles/cmTC_148df.dir/src.cxx.o -o cmTC_148df 
gmake[1]: Leaving directory '/home/duc/Desktop/Photometric/lib/eigen/eigen-3.3.4/build/CMakeFiles/CMakeTmp'


Source file was:
int main() { return 0; }
Performing C++ SOURCE FILE Test COMPILER_SUPPORT_fnocommon succeeded with the following output:
Change Dir: /home/duc/Desktop/Photometric/lib/eigen/eigen-3.3.4/build/CMakeFiles/CMakeTmp

Run Build Command(s):/usr/bin/gmake -f Makefile cmTC_cc1bc/fast && /usr/bin/gmake  -f CMakeFiles/cmTC_cc1bc.dir/build.make CMakeFiles/cmTC_cc1bc.dir/build
gmake[1]: Entering directory '/home/duc/Desktop/Photometric/lib/eigen/eigen-3.3.4/build/CMakeFiles/CMakeTmp'
Building CXX object CMakeFiles/cmTC_cc1bc.dir/src.cxx.o
/usr/bin/g++ -DCOMPILER_SUPPORT_fnocommon  -pedantic -Wall -Wextra -Wundef -Wcast-align -Wchar-subscripts -Wnon-virtual-dtor -Wunused-local-typedefs -Wpointer-arith -Wwrite-strings -Wformat-security -Wlogical-op -Wdouble-promotion -Wno-psabi -Wno-variadic-macros -Wno-long-long -fno-check-new -Werror   -fno-common -o CMakeFiles/cmTC_cc1bc.dir/src.cxx.o -c /home/duc/Desktop/Photometric/lib/eigen/eigen-3.3.4/build/CMakeFiles/CMakeTmp/src.cxx
Linking CXX executable cmTC_cc1bc
/usr/bin/cmake -E cmake_link_script CMakeFiles/cmTC_cc1bc.dir/link.txt --verbose=1
/usr/bin/g++  -pedantic -Wall -Wextra -Wundef -Wcast-align -Wchar-subscripts -Wnon-virtual-dtor -Wunused-local-typedefs -Wpointer-arith -Wwrite-strings -Wformat-security -Wlogical-op -Wdouble-promotion -Wno-psabi -Wno-variadic-macros -Wno-long-long -fno-check-new -Werror -rdynamic CMakeFiles/cmTC_cc1bc.dir/src.cxx.o -o cmTC_cc1bc 
gmake[1]: Leaving directory '/home/duc/Desktop/Photometric/lib/eigen/eigen-3.3.4/build/CMakeFiles/CMakeTmp'


Source file was:
int main() { return 0; }
Performing C++ SOURCE FILE Test COMPILER_SUPPORT_fstrictaliasing succeeded with the following output:
Change Dir: /home/duc/Desktop/Photometric/lib/eigen/eigen-3.3.4/build/CMakeFiles/CMakeTmp

Run Build Command(s):/usr/bin/gmake -f Makefile cmTC_12dcf/fast && /usr/bin/gmake  -f CMakeFiles/cmTC_12dcf.dir/build.make CMakeFiles/cmTC_12dcf.dir/build
gmake[1]: Entering directory '/home/duc/Desktop/Photometric/lib/eigen/eigen-3.3.4/build/CMakeFiles/CMakeTmp'
Building CXX object CMakeFiles/cmTC_12dcf.dir/src.cxx.o
/usr/bin/g++ -DCOMPILER_SUPPORT_fstrictaliasing  -pedantic -Wall -Wextra -Wundef -Wcast-align -Wchar-subscripts -Wnon-virtual-dtor -Wunused-local-typedefs -Wpointer-arith -Wwrite-strings -Wformat-security -Wlogical-op -Wdouble-promotion -Wno-psabi -Wno-variadic-macros -Wno-long-long -fno-check-new -fno-common -Werror   -fstrict-aliasing -o CMakeFiles/cmTC_12dcf.dir/src.cxx.o -c /home/duc/Desktop/Photometric/lib/eigen/eigen-3.3.4/build/CMakeFiles/CMakeTmp/src.cxx
Linking CXX executable cmTC_12dcf
/usr/bin/cmake -E cmake_link_script CMakeFiles/cmTC_12dcf.dir/link.txt --verbose=1
/usr/bin/g++  -pedantic -Wall -Wextra -Wundef -Wcast-align -Wchar-subscripts -Wnon-virtual-dtor -Wunused-local-typedefs -Wpointer-arith -Wwrite-strings -Wformat-security -Wlogical-op -Wdouble-promotion -Wno-psabi -Wno-variadic-macros -Wno-long-long -fno-check-new -fno-common -Werror -rdynamic CMakeFiles/cmTC_12dcf.dir/src.cxx.o -o cmTC_12dcf 
gmake[1]: Leaving directory '/home/duc/Desktop/Photometric/lib/eigen/eigen-3.3.4/build/CMakeFiles/CMakeTmp'


Source file was:
int main() { return 0; }
Performing C++ SOURCE FILE Test COMPILER_SUPPORT_ansi succeeded with the following output:
Change Dir: /home/duc/Desktop/Photometric/lib/eigen/eigen-3.3.4/build/CMakeFiles/CMakeTmp

Run Build Command(s):/usr/bin/gmake -f Makefile cmTC_a6acb/fast && /usr/bin/gmake  -f CMakeFiles/cmTC_a6acb.dir/build.make CMakeFiles/cmTC_a6acb.dir/build
gmake[1]: Entering directory '/home/duc/Desktop/Photometric/lib/eigen/eigen-3.3.4/build/CMakeFiles/CMakeTmp'
Building CXX object CMakeFiles/cmTC_a6acb.dir/src.cxx.o
/usr/bin/g++ -DCOMPILER_SUPPORT_ansi  -pedantic -Wall -Wextra -Wundef -Wcast-align -Wchar-subscripts -Wnon-virtual-dtor -Wunused-local-typedefs -Wpointer-arith -Wwrite-strings -Wformat-security -Wlogical-op -Wdouble-promotion -Wno-psabi -Wno-variadic-macros -Wno-long-long -fno-check-new -fno-common -fstrict-aliasing -Werror   -ansi -o CMakeFiles/cmTC_a6acb.dir/src.cxx.o -c /home/duc/Desktop/Photometric/lib/eigen/eigen-3.3.4/build/CMakeFiles/CMakeTmp/src.cxx
Linking CXX executable cmTC_a6acb
/usr/bin/cmake -E cmake_link_script CMakeFiles/cmTC_a6acb.dir/link.txt --verbose=1
/usr/bin/g++  -pedantic -Wall -Wextra -Wundef -Wcast-align -Wchar-subscripts -Wnon-virtual-dtor -Wunused-local-typedefs -Wpointer-arith -Wwrite-strings -Wformat-security -Wlogical-op -Wdouble-promotion -Wno-psabi -Wno-variadic-macros -Wno-long-long -fno-check-new -fno-common -fstrict-aliasing -Werror -rdynamic CMakeFiles/cmTC_a6acb.dir/src.cxx.o -o cmTC_a6acb 
gmake[1]: Leaving directory '/home/duc/Desktop/Photometric/lib/eigen/eigen-3.3.4/build/CMakeFiles/CMakeTmp'


Source file was:
int main() { return 0; }
Performing C++ SOURCE FILE Test COMPILER_SUPPORT_OPENMP succeeded with the following output:
Change Dir: /home/duc/Desktop/Photometric/lib/eigen/eigen-3.3.4/build/CMakeFiles/CMakeTmp

Run Build Command(s):/usr/bin/gmake -f Makefile cmTC_b3c31/fast && /usr/bin/gmake  -f CMakeFiles/cmTC_b3c31.dir/build.make CMakeFiles/cmTC_b3c31.dir/build
gmake[1]: Entering directory '/home/duc/Desktop/Photometric/lib/eigen/eigen-3.3.4/build/CMakeFiles/CMakeTmp'
Building CXX object CMakeFiles/cmTC_b3c31.dir/src.cxx.o
/usr/bin/g++ -DCOMPILER_SUPPORT_OPENMP  -pedantic -Wall -Wextra -Wundef -Wcast-align -Wchar-subscripts -Wnon-virtual-dtor -Wunused-local-typedefs -Wpointer-arith -Wwrite-strings -Wformat-security -Wlogical-op -Wdouble-promotion -Wno-psabi -Wno-variadic-macros -Wno-long-long -fno-check-new -fno-common -fstrict-aliasing -ansi    -fopenmp -o CMakeFiles/cmTC_b3c31.dir/src.cxx.o -c /home/duc/Desktop/Photometric/lib/eigen/eigen-3.3.4/build/CMakeFiles/CMakeTmp/src.cxx
Linking CXX executable cmTC_b3c31
/usr/bin/cmake -E cmake_link_script CMakeFiles/cmTC_b3c31.dir/link.txt --verbose=1
/usr/bin/g++  -pedantic -Wall -Wextra -Wundef -Wcast-align -Wchar-subscripts -Wnon-virtual-dtor -Wunused-local-typedefs -Wpointer-arith -Wwrite-strings -Wformat-security -Wlogical-op -Wdouble-promotion -Wno-psabi -Wno-variadic-macros -Wno-long-long -fno-check-new -fno-common -fstrict-aliasing -ansi  -rdynamic CMakeFiles/cmTC_b3c31.dir/src.cxx.o -o cmTC_b3c31 
gmake[1]: Leaving directory '/home/duc/Desktop/Photometric/lib/eigen/eigen-3.3.4/build/CMakeFiles/CMakeTmp'


Source file was:
int main() { return 0; }
Performing C++ SOURCE FILE Test EIGEN_COMPILER_SUPPORT_CPP11 succeeded with the following output:
Change Dir: /home/duc/Desktop/Photometric/lib/eigen/eigen-3.3.4/build/CMakeFiles/CMakeTmp

Run Build Command(s):/usr/bin/gmake -f Makefile cmTC_79fcd/fast && /usr/bin/gmake  -f CMakeFiles/cmTC_79fcd.dir/build.make CMakeFiles/cmTC_79fcd.dir/build
gmake[1]: Entering directory '/home/duc/Desktop/Photometric/lib/eigen/eigen-3.3.4/build/CMakeFiles/CMakeTmp'
Building CXX object CMakeFiles/cmTC_79fcd.dir/src.cxx.o
/usr/bin/g++ -DEIGEN_COMPILER_SUPPORT_CPP11  -pedantic -Wall -Wextra -Wundef -Wcast-align -Wchar-subscripts -Wnon-virtual-dtor -Wunused-local-typedefs -Wpointer-arith -Wwrite-strings -Wformat-security -Wlogical-op -Wdouble-promotion -Wno-psabi -Wno-variadic-macros -Wno-long-long -fno-check-new -fno-common -fstrict-aliasing -ansi -O1 -g1    -std=c++11 -o CMakeFiles/cmTC_79fcd.dir/src.cxx.o -c /home/duc/Desktop/Photometric/lib/eigen/eigen-3.3.4/build/CMakeFiles/CMakeTmp/src.cxx
Linking CXX executable cmTC_79fcd
/usr/bin/cmake -E cmake_link_script CMakeFiles/cmTC_79fcd.dir/link.txt --verbose=1
/usr/bin/g++  -pedantic -Wall -Wextra -Wundef -Wcast-align -Wchar-subscripts -Wnon-virtual-dtor -Wunused-local-typedefs -Wpointer-arith -Wwrite-strings -Wformat-security -Wlogical-op -Wdouble-promotion -Wno-psabi -Wno-variadic-macros -Wno-long-long -fno-check-new -fno-common -fstrict-aliasing -ansi -O1 -g1  -rdynamic CMakeFiles/cmTC_79fcd.dir/src.cxx.o -o cmTC_79fcd 
gmake[1]: Leaving directory '/home/duc/Desktop/Photometric/lib/eigen/eigen-3.3.4/build/CMakeFiles/CMakeTmp'


Source file was:
int main() { return 0; }
Performing C++ SOURCE FILE Test EIGEN_COMPILER_SUPPORT_CXX11 succeeded with the following output:
Change Dir: /home/duc/Desktop/Photometric/lib/eigen/eigen-3.3.4/build/CMakeFiles/CMakeTmp

Run Build Command(s):/usr/bin/gmake -f Makefile cmTC_cb5db/fast && /usr/bin/gmake  -f CMakeFiles/cmTC_cb5db.dir/build.make CMakeFiles/cmTC_cb5db.dir/build
gmake[1]: Entering directory '/home/duc/Desktop/Photometric/lib/eigen/eigen-3.3.4/build/CMakeFiles/CMakeTmp'
Building CXX object CMakeFiles/cmTC_cb5db.dir/src.cxx.o
/usr/bin/g++ -DEIGEN_COMPILER_SUPPORT_CXX11  -pedantic -Wall -Wextra -Wundef -Wcast-align -Wchar-subscripts -Wnon-virtual-dtor -Wunused-local-typedefs -Wpointer-arith -Wwrite-strings -Wformat-security -Wlogical-op -Wdouble-promotion -Wno-psabi -Wno-variadic-macros -Wno-long-long -fno-check-new -fno-common -fstrict-aliasing -ansi    -std=c++11 -o CMakeFiles/cmTC_cb5db.dir/src.cxx.o -c /home/duc/Desktop/Photometric/lib/eigen/eigen-3.3.4/build/CMakeFiles/CMakeTmp/src.cxx
Linking CXX executable cmTC_cb5db
/usr/bin/cmake -E cmake_link_script CMakeFiles/cmTC_cb5db.dir/link.txt --verbose=1
/usr/bin/g++  -pedantic -Wall -Wextra -Wundef -Wcast-align -Wchar-subscripts -Wnon-virtual-dtor -Wunused-local-typedefs -Wpointer-arith -Wwrite-strings -Wformat-security -Wlogical-op -Wdouble-promotion -Wno-psabi -Wno-variadic-macros -Wno-long-long -fno-check-new -fno-common -fstrict-aliasing -ansi  -rdynamic CMakeFiles/cmTC_cb5db.dir/src.cxx.o -o cmTC_cb5db 
gmake[1]: Leaving directory '/home/duc/Desktop/Photometric/lib/eigen/eigen-3.3.4/build/CMakeFiles/CMakeTmp'


Source file was:
int main() { return 0; }
Determining if the include file pthread.h exists passed with the following output:
Change Dir: /home/duc/Desktop/Photometric/lib/eigen/eigen-3.3.4/build/CMakeFiles/CMakeTmp

Run Build Command(s):/usr/bin/gmake -f Makefile cmTC_837eb/fast && /usr/bin/gmake  -f CMakeFiles/cmTC_837eb.dir/build.make CMakeFiles/cmTC_837eb.dir/build
gmake[1]: Entering directory '/home/duc/Desktop/Photometric/lib/eigen/eigen-3.3.4/build/CMakeFiles/CMakeTmp'
Building C object CMakeFiles/cmTC_837eb.dir/CheckIncludeFile.c.o
/usr/bin/gcc    -o CMakeFiles/cmTC_837eb.dir/CheckIncludeFile.c.o -c /home/duc/Desktop/Photometric/lib/eigen/eigen-3.3.4/build/CMakeFiles/CMakeTmp/CheckIncludeFile.c
Linking C executable cmTC_837eb
/usr/bin/cmake -E cmake_link_script CMakeFiles/cmTC_837eb.dir/link.txt --verbose=1
/usr/bin/gcc -rdynamic CMakeFiles/cmTC_837eb.dir/CheckIncludeFile.c.o -o cmTC_837eb 
gmake[1]: Leaving directory '/home/duc/Desktop/Photometric/lib/eigen/eigen-3.3.4/build/CMakeFiles/CMakeTmp'



Performing C SOURCE FILE Test CMAKE_HAVE_LIBC_PTHREAD succeeded with the following output:
Change Dir: /home/duc/Desktop/Photometric/lib/eigen/eigen-3.3.4/build/CMakeFiles/CMakeTmp

Run Build Command(s):/usr/bin/gmake -f Makefile cmTC_6cba4/fast && /usr/bin/gmake  -f CMakeFiles/cmTC_6cba4.dir/build.make CMakeFiles/cmTC_6cba4.dir/build
gmake[1]: Entering directory '/home/duc/Desktop/Photometric/lib/eigen/eigen-3.3.4/build/CMakeFiles/CMakeTmp'
Building C object CMakeFiles/cmTC_6cba4.dir/src.c.o
/usr/bin/gcc -DCMAKE_HAVE_LIBC_PTHREAD   -o CMakeFiles/cmTC_6cba4.dir/src.c.o -c /home/duc/Desktop/Photometric/lib/eigen/eigen-3.3.4/build/CMakeFiles/CMakeTmp/src.c
Linking C executable cmTC_6cba4
/usr/bin/cmake -E cmake_link_script CMakeFiles/cmTC_6cba4.dir/link.txt --verbose=1
/usr/bin/gcc -rdynamic CMakeFiles/cmTC_6cba4.dir/src.c.o -o cmTC_6cba4 
gmake[1]: Leaving directory '/home/duc/Desktop/Photometric/lib/eigen/eigen-3.3.4/build/CMakeFiles/CMakeTmp'


Source file was:
#include <pthread.h>

static void* test_func(void* data)
{
  return data;
}

int main(void)
{
  pthread_t thread;
  pthread_create(&thread, NULL, test_func, NULL);
  pthread_detach(thread);
  pthread_cancel(thread);
  pthread_join(thread, NULL);
  pthread_atfork(NULL, NULL, NULL);
  pthread_exit(NULL);

  return 0;
}

Performing C++ SOURCE FILE Test COMPILER_SUPPORT_FASTMATH succeeded with the following output:
Change Dir: /home/duc/Desktop/Photometric/lib/eigen/eigen-3.3.4/build/CMakeFiles/CMakeTmp

Run Build Command(s):/usr/bin/gmake -f Makefile cmTC_92268/fast && /usr/bin/gmake  -f CMakeFiles/cmTC_92268.dir/build.make CMakeFiles/cmTC_92268.dir/build
gmake[1]: Entering directory '/home/duc/Desktop/Photometric/lib/eigen/eigen-3.3.4/build/CMakeFiles/CMakeTmp'
Building CXX object CMakeFiles/cmTC_92268.dir/src.cxx.o
/usr/bin/g++ -DCOMPILER_SUPPORT_FASTMATH  -pedantic -Wall -Wextra -Wundef -Wcast-align -Wchar-subscripts -Wnon-virtual-dtor -Wunused-local-typedefs -Wpointer-arith -Wwrite-strings -Wformat-security -Wlogical-op -Wdouble-promotion -Wno-psabi -Wno-variadic-macros -Wno-long-long -fno-check-new -fno-common -fstrict-aliasing -ansi    -ffast-math -o CMakeFiles/cmTC_92268.dir/src.cxx.o -c /home/duc/Desktop/Photometric/lib/eigen/eigen-3.3.4/build/CMakeFiles/CMakeTmp/src.cxx
Linking CXX executable cmTC_92268
/usr/bin/cmake -E cmake_link_script CMakeFiles/cmTC_92268.dir/link.txt --verbose=1
/usr/bin/g++  -pedantic -Wall -Wextra -Wundef -Wcast-align -Wchar-subscripts -Wnon-virtual-dtor -Wunused-local-typedefs -Wpointer-arith -Wwrite-strings -Wformat-security -Wlogical-op -Wdouble-promotion -Wno-psabi -Wno-variadic-macros -Wno-long-long -fno-check-new -fno-common -fstrict-aliasing -ansi  -rdynamic CMakeFiles/cmTC_92268.dir/src.cxx.o -o cmTC_92268 
gmake[1]: Leaving directory '/home/duc/Desktop/Photometric/lib/eigen/eigen-3.3.4/build/CMakeFiles/CMakeTmp'


Source file was:
int main() { return 0; }
