Performing C++ SOURCE FILE Test COMPILER_SUPPORT_Wshorten64to32 failed with the following output:
Change Dir: /home/duc/Desktop/Photometric/lib/eigen/eigen-3.3.4/build/CMakeFiles/CMakeTmp

Run Build Command(s):/usr/bin/gmake -f Makefile cmTC_3c60c/fast && /usr/bin/gmake  -f CMakeFiles/cmTC_3c60c.dir/build.make CMakeFiles/cmTC_3c60c.dir/build
gmake[1]: Entering directory '/home/duc/Desktop/Photometric/lib/eigen/eigen-3.3.4/build/CMakeFiles/CMakeTmp'
Building CXX object CMakeFiles/cmTC_3c60c.dir/src.cxx.o
/usr/bin/g++ -DCOMPILER_SUPPORT_Wshorten64to32  -pedantic -Wall -Wextra -Wundef -Wcast-align -Wchar-subscripts -Wnon-virtual-dtor -Wunused-local-typedefs -Wpointer-arith -Wwrite-strings -Wformat-security -Werror   -Wshorten-64-to-32 -o CMakeFiles/cmTC_3c60c.dir/src.cxx.o -c /home/duc/Desktop/Photometric/lib/eigen/eigen-3.3.4/build/CMakeFiles/CMakeTmp/src.cxx
g++: error: unrecognized command line option '-Wshorten-64-to-32'
gmake[1]: *** [CMakeFiles/cmTC_3c60c.dir/build.make:78: CMakeFiles/cmTC_3c60c.dir/src.cxx.o] Error 1
gmake[1]: Leaving directory '/home/duc/Desktop/Photometric/lib/eigen/eigen-3.3.4/build/CMakeFiles/CMakeTmp'
gmake: *** [Makefile:127: cmTC_3c60c/fast] Error 2


Source file was:
int main() { return 0; }
Performing C++ SOURCE FILE Test COMPILER_SUPPORT_Wenumconversion failed with the following output:
Change Dir: /home/duc/Desktop/Photometric/lib/eigen/eigen-3.3.4/build/CMakeFiles/CMakeTmp

Run Build Command(s):/usr/bin/gmake -f Makefile cmTC_dc39b/fast && /usr/bin/gmake  -f CMakeFiles/cmTC_dc39b.dir/build.make CMakeFiles/cmTC_dc39b.dir/build
gmake[1]: Entering directory '/home/duc/Desktop/Photometric/lib/eigen/eigen-3.3.4/build/CMakeFiles/CMakeTmp'
Building CXX object CMakeFiles/cmTC_dc39b.dir/src.cxx.o
/usr/bin/g++ -DCOMPILER_SUPPORT_Wenumconversion  -pedantic -Wall -Wextra -Wundef -Wcast-align -Wchar-subscripts -Wnon-virtual-dtor -Wunused-local-typedefs -Wpointer-arith -Wwrite-strings -Wformat-security -Wlogical-op -Werror   -Wenum-conversion -o CMakeFiles/cmTC_dc39b.dir/src.cxx.o -c /home/duc/Desktop/Photometric/lib/eigen/eigen-3.3.4/build/CMakeFiles/CMakeTmp/src.cxx
g++: error: unrecognized command line option '-Wenum-conversion'
gmake[1]: *** [CMakeFiles/cmTC_dc39b.dir/build.make:78: CMakeFiles/cmTC_dc39b.dir/src.cxx.o] Error 1
gmake[1]: Leaving directory '/home/duc/Desktop/Photometric/lib/eigen/eigen-3.3.4/build/CMakeFiles/CMakeTmp'
gmake: *** [Makefile:127: cmTC_dc39b/fast] Error 2


Source file was:
int main() { return 0; }
Performing C++ SOURCE FILE Test COMPILER_SUPPORT_Wcpp11extensions failed with the following output:
Change Dir: /home/duc/Desktop/Photometric/lib/eigen/eigen-3.3.4/build/CMakeFiles/CMakeTmp

Run Build Command(s):/usr/bin/gmake -f Makefile cmTC_8aa99/fast && /usr/bin/gmake  -f CMakeFiles/cmTC_8aa99.dir/build.make CMakeFiles/cmTC_8aa99.dir/build
gmake[1]: Entering directory '/home/duc/Desktop/Photometric/lib/eigen/eigen-3.3.4/build/CMakeFiles/CMakeTmp'
Building CXX object CMakeFiles/cmTC_8aa99.dir/src.cxx.o
/usr/bin/g++ -DCOMPILER_SUPPORT_Wcpp11extensions  -pedantic -Wall -Wextra -Wundef -Wcast-align -Wchar-subscripts -Wnon-virtual-dtor -Wunused-local-typedefs -Wpointer-arith -Wwrite-strings -Wformat-security -Wlogical-op -Werror   -Wc++11-extensions -o CMakeFiles/cmTC_8aa99.dir/src.cxx.o -c /home/duc/Desktop/Photometric/lib/eigen/eigen-3.3.4/build/CMakeFiles/CMakeTmp/src.cxx
g++: error: unrecognized command line option '-Wc++11-extensions'
gmake[1]: *** [CMakeFiles/cmTC_8aa99.dir/build.make:78: CMakeFiles/cmTC_8aa99.dir/src.cxx.o] Error 1
gmake[1]: Leaving directory '/home/duc/Desktop/Photometric/lib/eigen/eigen-3.3.4/build/CMakeFiles/CMakeTmp'
gmake: *** [Makefile:127: cmTC_8aa99/fast] Error 2


Source file was:
int main() { return 0; }
Performing C++ SOURCE FILE Test COMPILER_SUPPORT_wd981 failed with the following output:
Change Dir: /home/duc/Desktop/Photometric/lib/eigen/eigen-3.3.4/build/CMakeFiles/CMakeTmp

Run Build Command(s):/usr/bin/gmake -f Makefile cmTC_a9515/fast && /usr/bin/gmake  -f CMakeFiles/cmTC_a9515.dir/build.make CMakeFiles/cmTC_a9515.dir/build
gmake[1]: Entering directory '/home/duc/Desktop/Photometric/lib/eigen/eigen-3.3.4/build/CMakeFiles/CMakeTmp'
Building CXX object CMakeFiles/cmTC_a9515.dir/src.cxx.o
/usr/bin/g++ -DCOMPILER_SUPPORT_wd981  -pedantic -Wall -Wextra -Wundef -Wcast-align -Wchar-subscripts -Wnon-virtual-dtor -Wunused-local-typedefs -Wpointer-arith -Wwrite-strings -Wformat-security -Wlogical-op -Wdouble-promotion -Wno-psabi -Wno-variadic-macros -Wno-long-long -fno-check-new -fno-common -fstrict-aliasing -Werror   -wd981 -o CMakeFiles/cmTC_a9515.dir/src.cxx.o -c /home/duc/Desktop/Photometric/lib/eigen/eigen-3.3.4/build/CMakeFiles/CMakeTmp/src.cxx
g++: error: unrecognized command line option '-wd981'
gmake[1]: *** [CMakeFiles/cmTC_a9515.dir/build.make:78: CMakeFiles/cmTC_a9515.dir/src.cxx.o] Error 1
gmake[1]: Leaving directory '/home/duc/Desktop/Photometric/lib/eigen/eigen-3.3.4/build/CMakeFiles/CMakeTmp'
gmake: *** [Makefile:127: cmTC_a9515/fast] Error 2


Source file was:
int main() { return 0; }
Performing C++ SOURCE FILE Test COMPILER_SUPPORT_wd2304 failed with the following output:
Change Dir: /home/duc/Desktop/Photometric/lib/eigen/eigen-3.3.4/build/CMakeFiles/CMakeTmp

Run Build Command(s):/usr/bin/gmake -f Makefile cmTC_b9bd7/fast && /usr/bin/gmake  -f CMakeFiles/cmTC_b9bd7.dir/build.make CMakeFiles/cmTC_b9bd7.dir/build
gmake[1]: Entering directory '/home/duc/Desktop/Photometric/lib/eigen/eigen-3.3.4/build/CMakeFiles/CMakeTmp'
Building CXX object CMakeFiles/cmTC_b9bd7.dir/src.cxx.o
/usr/bin/g++ -DCOMPILER_SUPPORT_wd2304  -pedantic -Wall -Wextra -Wundef -Wcast-align -Wchar-subscripts -Wnon-virtual-dtor -Wunused-local-typedefs -Wpointer-arith -Wwrite-strings -Wformat-security -Wlogical-op -Wdouble-promotion -Wno-psabi -Wno-variadic-macros -Wno-long-long -fno-check-new -fno-common -fstrict-aliasing -Werror   -wd2304 -o CMakeFiles/cmTC_b9bd7.dir/src.cxx.o -c /home/duc/Desktop/Photometric/lib/eigen/eigen-3.3.4/build/CMakeFiles/CMakeTmp/src.cxx
g++: error: unrecognized command line option '-wd2304'
gmake[1]: *** [CMakeFiles/cmTC_b9bd7.dir/build.make:78: CMakeFiles/cmTC_b9bd7.dir/src.cxx.o] Error 1
gmake[1]: Leaving directory '/home/duc/Desktop/Photometric/lib/eigen/eigen-3.3.4/build/CMakeFiles/CMakeTmp'
gmake: *** [Makefile:127: cmTC_b9bd7/fast] Error 2


Source file was:
int main() { return 0; }
Performing C++ SOURCE FILE Test COMPILER_SUPPORT_STRICTANSI failed with the following output:
Change Dir: /home/duc/Desktop/Photometric/lib/eigen/eigen-3.3.4/build/CMakeFiles/CMakeTmp

Run Build Command(s):/usr/bin/gmake -f Makefile cmTC_77507/fast && /usr/bin/gmake  -f CMakeFiles/cmTC_77507.dir/build.make CMakeFiles/cmTC_77507.dir/build
gmake[1]: Entering directory '/home/duc/Desktop/Photometric/lib/eigen/eigen-3.3.4/build/CMakeFiles/CMakeTmp'
Building CXX object CMakeFiles/cmTC_77507.dir/src.cxx.o
/usr/bin/g++ -DCOMPILER_SUPPORT_STRICTANSI  -pedantic -Wall -Wextra -Wundef -Wcast-align -Wchar-subscripts -Wnon-virtual-dtor -Wunused-local-typedefs -Wpointer-arith -Wwrite-strings -Wformat-security -Wlogical-op -Wdouble-promotion -Wno-psabi -Wno-variadic-macros -Wno-long-long -fno-check-new -fno-common -fstrict-aliasing -Werror   -strict-ansi -o CMakeFiles/cmTC_77507.dir/src.cxx.o -c /home/duc/Desktop/Photometric/lib/eigen/eigen-3.3.4/build/CMakeFiles/CMakeTmp/src.cxx
g++: error: unrecognized command line option '-strict-ansi'
gmake[1]: *** [CMakeFiles/cmTC_77507.dir/build.make:78: CMakeFiles/cmTC_77507.dir/src.cxx.o] Error 1
gmake[1]: Leaving directory '/home/duc/Desktop/Photometric/lib/eigen/eigen-3.3.4/build/CMakeFiles/CMakeTmp'
gmake: *** [Makefile:127: cmTC_77507/fast] Error 2


Source file was:
int main() { return 0; }
Performing C++ SOURCE FILE Test COMPILER_SUPPORT_Qunusedarguments failed with the following output:
Change Dir: /home/duc/Desktop/Photometric/lib/eigen/eigen-3.3.4/build/CMakeFiles/CMakeTmp

Run Build Command(s):/usr/bin/gmake -f Makefile cmTC_90440/fast && /usr/bin/gmake  -f CMakeFiles/cmTC_90440.dir/build.make CMakeFiles/cmTC_90440.dir/build
gmake[1]: Entering directory '/home/duc/Desktop/Photometric/lib/eigen/eigen-3.3.4/build/CMakeFiles/CMakeTmp'
Building CXX object CMakeFiles/cmTC_90440.dir/src.cxx.o
/usr/bin/g++ -DCOMPILER_SUPPORT_Qunusedarguments  -pedantic -Wall -Wextra -Wundef -Wcast-align -Wchar-subscripts -Wnon-virtual-dtor -Wunused-local-typedefs -Wpointer-arith -Wwrite-strings -Wformat-security -Wlogical-op -Wdouble-promotion -Wno-psabi -Wno-variadic-macros -Wno-long-long -fno-check-new -fno-common -fstrict-aliasing -Werror   -Qunused-arguments -o CMakeFiles/cmTC_90440.dir/src.cxx.o -c /home/duc/Desktop/Photometric/lib/eigen/eigen-3.3.4/build/CMakeFiles/CMakeTmp/src.cxx
g++: error: unrecognized command line option '-Qunused-arguments'
gmake[1]: *** [CMakeFiles/cmTC_90440.dir/build.make:78: CMakeFiles/cmTC_90440.dir/src.cxx.o] Error 1
gmake[1]: Leaving directory '/home/duc/Desktop/Photometric/lib/eigen/eigen-3.3.4/build/CMakeFiles/CMakeTmp'
gmake: *** [Makefile:127: cmTC_90440/fast] Error 2


Source file was:
int main() { return 0; }
Compiling the Fortran compiler identification source file "CMakeFortranCompilerId.F" failed.
Compiler: CMAKE_Fortran_COMPILER-NOTFOUND 
Build flags: 
Id flags: -v 

The output was:
No such file or directory


Compiling the Fortran compiler identification source file "CMakeFortranCompilerId.F" failed.
Compiler: CMAKE_Fortran_COMPILER-NOTFOUND 
Build flags: 
Id flags:  

The output was:
No such file or directory


Compiling the Fortran compiler identification source file "CMakeFortranCompilerId.F" failed.
Compiler: CMAKE_Fortran_COMPILER-NOTFOUND 
Build flags: 
Id flags: -c 

The output was:
No such file or directory


Compiling the Fortran compiler identification source file "CMakeFortranCompilerId.F" failed.
Compiler: CMAKE_Fortran_COMPILER-NOTFOUND 
Build flags: 
Id flags: -fpp 

The output was:
No such file or directory


Compiling the Fortran compiler identification source file "CMakeFortranCompilerId.F" failed.
Compiler: CMAKE_Fortran_COMPILER-NOTFOUND 
Build flags: 
Id flags: -v 

The output was:
No such file or directory


Compiling the Fortran compiler identification source file "CMakeFortranCompilerId.F" failed.
Compiler: CMAKE_Fortran_COMPILER-NOTFOUND 
Build flags: 
Id flags:  

The output was:
No such file or directory


Compiling the Fortran compiler identification source file "CMakeFortranCompilerId.F" failed.
Compiler: CMAKE_Fortran_COMPILER-NOTFOUND 
Build flags: 
Id flags: -c 

The output was:
No such file or directory


Compiling the Fortran compiler identification source file "CMakeFortranCompilerId.F" failed.
Compiler: CMAKE_Fortran_COMPILER-NOTFOUND 
Build flags: 
Id flags: -fpp 

The output was:
No such file or directory


