Determining size of off64_t failed with the following output:
Change Dir: /home/duc/Desktop/Photometric/lib/opencv/opencv-2.4.9/build/CMakeFiles/CMakeTmp

Run Build Command(s):/usr/bin/gmake -f Makefile cmTC_da1dd/fast && /usr/bin/gmake  -f CMakeFiles/cmTC_da1dd.dir/build.make CMakeFiles/cmTC_da1dd.dir/build
gmake[1]: Entering directory '/home/duc/Desktop/Photometric/lib/opencv/opencv-2.4.9/build/CMakeFiles/CMakeTmp'
Building C object CMakeFiles/cmTC_da1dd.dir/OFF64_T.c.o
/usr/bin/gcc   -fsigned-char -W -Wall -Werror=return-type -Werror=address -Werror=sequence-point -Wformat -Werror=format-security -Wmissing-declarations -Wmissing-prototypes -Wstrict-prototypes -Wundef -Winit-self -Wpointer-arith -Wshadow -Wno-narrowing -fdiagnostics-show-option -Wno-long-long -pthread -fomit-frame-pointer -msse -msse2 -msse3 -ffunction-sections  -O3 -DNDEBUG -o CMakeFiles/cmTC_da1dd.dir/OFF64_T.c.o -c /home/duc/Desktop/Photometric/lib/opencv/opencv-2.4.9/build/CMakeFiles/CheckTypeSize/OFF64_T.c
/home/duc/Desktop/Photometric/lib/opencv/opencv-2.4.9/build/CMakeFiles/CheckTypeSize/OFF64_T.c:27:22: error: ‘off64_t’ undeclared here (not in a function)
 #define SIZE (sizeof(off64_t))
                      ^
/home/duc/Desktop/Photometric/lib/opencv/opencv-2.4.9/build/CMakeFiles/CheckTypeSize/OFF64_T.c:29:12: note: in expansion of macro ‘SIZE’
   ('0' + ((SIZE / 10000)%10)),
            ^
gmake[1]: *** [CMakeFiles/cmTC_da1dd.dir/build.make:78: CMakeFiles/cmTC_da1dd.dir/OFF64_T.c.o] Error 1
gmake[1]: Leaving directory '/home/duc/Desktop/Photometric/lib/opencv/opencv-2.4.9/build/CMakeFiles/CMakeTmp'
gmake: *** [Makefile:127: cmTC_da1dd/fast] Error 2


/home/duc/Desktop/Photometric/lib/opencv/opencv-2.4.9/build/CMakeFiles/CheckTypeSize/OFF64_T.c:
#include <sys/types.h>
#include <stdint.h>
#include <stddef.h>


#undef KEY
#if defined(__i386)
# define KEY '_','_','i','3','8','6'
#elif defined(__x86_64)
# define KEY '_','_','x','8','6','_','6','4'
#elif defined(__PPC64__)
# define KEY '_','_','P','P','C','6','4','_','_'
#elif defined(__ppc64__)
# define KEY '_','_','p','p','c','6','4','_','_'
#elif defined(__PPC__)
# define KEY '_','_','P','P','C','_','_'
#elif defined(__ppc__)
# define KEY '_','_','p','p','c','_','_'
#elif defined(__aarch64__)
# define KEY '_','_','a','a','r','c','h','6','4','_','_'
#elif defined(__ARM_ARCH_7A__)
# define KEY '_','_','A','R','M','_','A','R','C','H','_','7','A','_','_'
#elif defined(__ARM_ARCH_7S__)
# define KEY '_','_','A','R','M','_','A','R','C','H','_','7','S','_','_'
#endif

#define SIZE (sizeof(off64_t))
static char info_size[] =  {'I', 'N', 'F', 'O', ':', 's','i','z','e','[',
  ('0' + ((SIZE / 10000)%10)),
  ('0' + ((SIZE / 1000)%10)),
  ('0' + ((SIZE / 100)%10)),
  ('0' + ((SIZE / 10)%10)),
  ('0' +  (SIZE    % 10)),
  ']',
#ifdef KEY
  ' ','k','e','y','[', KEY, ']',
#endif
  '\0'};

#ifdef __CLASSIC_C__
int main(argc, argv) int argc; char *argv[];
#else
int main(int argc, char *argv[])
#endif
{
  int require = 0;
  require += info_size[argc];
  (void)argv;
  return require;
}


Determining if the include file io.h exists failed with the following output:
Change Dir: /home/duc/Desktop/Photometric/lib/opencv/opencv-2.4.9/build/CMakeFiles/CMakeTmp

Run Build Command(s):/usr/bin/gmake -f Makefile cmTC_f4efe/fast && /usr/bin/gmake  -f CMakeFiles/cmTC_f4efe.dir/build.make CMakeFiles/cmTC_f4efe.dir/build
gmake[1]: Entering directory '/home/duc/Desktop/Photometric/lib/opencv/opencv-2.4.9/build/CMakeFiles/CMakeTmp'
Building C object CMakeFiles/cmTC_f4efe.dir/CheckIncludeFile.c.o
/usr/bin/gcc   -fsigned-char -W -Wall -Werror=return-type -Werror=address -Werror=sequence-point -Wformat -Werror=format-security -Wmissing-declarations -Wmissing-prototypes -Wstrict-prototypes -Wundef -Winit-self -Wpointer-arith -Wshadow -Wno-narrowing -fdiagnostics-show-option -Wno-long-long -pthread -fomit-frame-pointer -msse -msse2 -msse3 -ffunction-sections  -O3 -DNDEBUG -o CMakeFiles/cmTC_f4efe.dir/CheckIncludeFile.c.o -c /home/duc/Desktop/Photometric/lib/opencv/opencv-2.4.9/build/CMakeFiles/CMakeTmp/CheckIncludeFile.c
/home/duc/Desktop/Photometric/lib/opencv/opencv-2.4.9/build/CMakeFiles/CMakeTmp/CheckIncludeFile.c:1:16: fatal error: io.h: No such file or directory
compilation terminated.
gmake[1]: *** [CMakeFiles/cmTC_f4efe.dir/build.make:78: CMakeFiles/cmTC_f4efe.dir/CheckIncludeFile.c.o] Error 1
gmake[1]: Leaving directory '/home/duc/Desktop/Photometric/lib/opencv/opencv-2.4.9/build/CMakeFiles/CMakeTmp'
gmake: *** [Makefile:127: cmTC_f4efe/fast] Error 2



Determining if the function jbg_newlen exists failed with the following output:
Change Dir: /home/duc/Desktop/Photometric/lib/opencv/opencv-2.4.9/build/CMakeFiles/CMakeTmp

Run Build Command(s):/usr/bin/gmake -f Makefile cmTC_3e75b/fast && /usr/bin/gmake  -f CMakeFiles/cmTC_3e75b.dir/build.make CMakeFiles/cmTC_3e75b.dir/build
gmake[1]: Entering directory '/home/duc/Desktop/Photometric/lib/opencv/opencv-2.4.9/build/CMakeFiles/CMakeTmp'
Building C object CMakeFiles/cmTC_3e75b.dir/CheckFunctionExists.c.o
/usr/bin/gcc   -fsigned-char -W -Wall -Werror=return-type -Werror=address -Werror=sequence-point -Wformat -Werror=format-security -Wmissing-declarations -Wmissing-prototypes -Wstrict-prototypes -Wundef -Winit-self -Wpointer-arith -Wshadow -Wno-narrowing -fdiagnostics-show-option -Wno-long-long -pthread -fomit-frame-pointer -msse -msse2 -msse3 -ffunction-sections -DCHECK_FUNCTION_EXISTS=jbg_newlen -O3 -DNDEBUG -o CMakeFiles/cmTC_3e75b.dir/CheckFunctionExists.c.o -c /usr/share/cmake-3.22/Modules/CheckFunctionExists.c
Linking C executable cmTC_3e75b
/usr/bin/cmake -E cmake_link_script CMakeFiles/cmTC_3e75b.dir/link.txt --verbose=1
/usr/bin/gcc    -fsigned-char -W -Wall -Werror=return-type -Werror=address -Werror=sequence-point -Wformat -Werror=format-security -Wmissing-declarations -Wmissing-prototypes -Wstrict-prototypes -Wundef -Winit-self -Wpointer-arith -Wshadow -Wno-narrowing -fdiagnostics-show-option -Wno-long-long -pthread -fomit-frame-pointer -msse -msse2 -msse3 -ffunction-sections -DCHECK_FUNCTION_EXISTS=jbg_newlen -O3 -DNDEBUG -rdynamic CMakeFiles/cmTC_3e75b.dir/CheckFunctionExists.c.o -o cmTC_3e75b 
/usr/bin/ld: CMakeFiles/cmTC_3e75b.dir/CheckFunctionExists.c.o: in function `main':
CheckFunctionExists.c:(.text.startup.main+0xc): undefined reference to `jbg_newlen'
collect2: error: ld returned 1 exit status
gmake[1]: *** [CMakeFiles/cmTC_3e75b.dir/build.make:99: cmTC_3e75b] Error 1
gmake[1]: Leaving directory '/home/duc/Desktop/Photometric/lib/opencv/opencv-2.4.9/build/CMakeFiles/CMakeTmp'
gmake: *** [Makefile:127: cmTC_3e75b/fast] Error 2



Determining if the include file linux/videodev.h exists failed with the following output:
Change Dir: /home/duc/Desktop/Photometric/lib/opencv/opencv-2.4.9/build/CMakeFiles/CMakeTmp

Run Build Command(s):/usr/bin/gmake -f Makefile cmTC_fa47f/fast && /usr/bin/gmake  -f CMakeFiles/cmTC_fa47f.dir/build.make CMakeFiles/cmTC_fa47f.dir/build
gmake[1]: Entering directory '/home/duc/Desktop/Photometric/lib/opencv/opencv-2.4.9/build/CMakeFiles/CMakeTmp'
Building C object CMakeFiles/cmTC_fa47f.dir/CheckIncludeFile.c.o
/usr/bin/gcc   -fsigned-char -W -Wall -Werror=return-type -Werror=address -Werror=sequence-point -Wformat -Werror=format-security -Wmissing-declarations -Wmissing-prototypes -Wstrict-prototypes -Wundef -Winit-self -Wpointer-arith -Wshadow -Wno-narrowing -fdiagnostics-show-option -Wno-long-long -pthread -fomit-frame-pointer -msse -msse2 -msse3 -ffunction-sections  -O3 -DNDEBUG -o CMakeFiles/cmTC_fa47f.dir/CheckIncludeFile.c.o -c /home/duc/Desktop/Photometric/lib/opencv/opencv-2.4.9/build/CMakeFiles/CMakeTmp/CheckIncludeFile.c
/home/duc/Desktop/Photometric/lib/opencv/opencv-2.4.9/build/CMakeFiles/CMakeTmp/CheckIncludeFile.c:1:28: fatal error: linux/videodev.h: No such file or directory
compilation terminated.
gmake[1]: *** [CMakeFiles/cmTC_fa47f.dir/build.make:78: CMakeFiles/cmTC_fa47f.dir/CheckIncludeFile.c.o] Error 1
gmake[1]: Leaving directory '/home/duc/Desktop/Photometric/lib/opencv/opencv-2.4.9/build/CMakeFiles/CMakeTmp'
gmake: *** [Makefile:127: cmTC_fa47f/fast] Error 2



Determining if the include file sys/videoio.h exists failed with the following output:
Change Dir: /home/duc/Desktop/Photometric/lib/opencv/opencv-2.4.9/build/CMakeFiles/CMakeTmp

Run Build Command(s):/usr/bin/gmake -f Makefile cmTC_60ccb/fast && /usr/bin/gmake  -f CMakeFiles/cmTC_60ccb.dir/build.make CMakeFiles/cmTC_60ccb.dir/build
gmake[1]: Entering directory '/home/duc/Desktop/Photometric/lib/opencv/opencv-2.4.9/build/CMakeFiles/CMakeTmp'
Building C object CMakeFiles/cmTC_60ccb.dir/CheckIncludeFile.c.o
/usr/bin/gcc   -fsigned-char -W -Wall -Werror=return-type -Werror=address -Werror=sequence-point -Wformat -Werror=format-security -Wmissing-declarations -Wmissing-prototypes -Wstrict-prototypes -Wundef -Winit-self -Wpointer-arith -Wshadow -Wno-narrowing -fdiagnostics-show-option -Wno-long-long -pthread -fomit-frame-pointer -msse -msse2 -msse3 -ffunction-sections  -O3 -DNDEBUG -o CMakeFiles/cmTC_60ccb.dir/CheckIncludeFile.c.o -c /home/duc/Desktop/Photometric/lib/opencv/opencv-2.4.9/build/CMakeFiles/CMakeTmp/CheckIncludeFile.c
/home/duc/Desktop/Photometric/lib/opencv/opencv-2.4.9/build/CMakeFiles/CMakeTmp/CheckIncludeFile.c:1:25: fatal error: sys/videoio.h: No such file or directory
compilation terminated.
gmake[1]: *** [CMakeFiles/cmTC_60ccb.dir/build.make:78: CMakeFiles/cmTC_60ccb.dir/CheckIncludeFile.c.o] Error 1
gmake[1]: Leaving directory '/home/duc/Desktop/Photometric/lib/opencv/opencv-2.4.9/build/CMakeFiles/CMakeTmp'
gmake: *** [Makefile:127: cmTC_60ccb/fast] Error 2



Determining if the include file libavformat/avformat.h exists failed with the following output:
Change Dir: /home/duc/Desktop/Photometric/lib/opencv/opencv-2.4.9/build/CMakeFiles/CMakeTmp

Run Build Command(s):/usr/bin/gmake -f Makefile cmTC_2b6dc/fast && /usr/bin/gmake  -f CMakeFiles/cmTC_2b6dc.dir/build.make CMakeFiles/cmTC_2b6dc.dir/build
gmake[1]: Entering directory '/home/duc/Desktop/Photometric/lib/opencv/opencv-2.4.9/build/CMakeFiles/CMakeTmp'
Building C object CMakeFiles/cmTC_2b6dc.dir/CheckIncludeFile.c.o
/usr/bin/gcc   -fsigned-char -W -Wall -Werror=return-type -Werror=address -Werror=sequence-point -Wformat -Werror=format-security -Wmissing-declarations -Wmissing-prototypes -Wstrict-prototypes -Wundef -Winit-self -Wpointer-arith -Wshadow -Wno-narrowing -fdiagnostics-show-option -Wno-long-long -pthread -fomit-frame-pointer -msse -msse2 -msse3 -ffunction-sections  -O3 -DNDEBUG -o CMakeFiles/cmTC_2b6dc.dir/CheckIncludeFile.c.o -c /home/duc/Desktop/Photometric/lib/opencv/opencv-2.4.9/build/CMakeFiles/CMakeTmp/CheckIncludeFile.c
/home/duc/Desktop/Photometric/lib/opencv/opencv-2.4.9/build/CMakeFiles/CMakeTmp/CheckIncludeFile.c:1:34: fatal error: libavformat/avformat.h: No such file or directory
compilation terminated.
gmake[1]: *** [CMakeFiles/cmTC_2b6dc.dir/build.make:78: CMakeFiles/cmTC_2b6dc.dir/CheckIncludeFile.c.o] Error 1
gmake[1]: Leaving directory '/home/duc/Desktop/Photometric/lib/opencv/opencv-2.4.9/build/CMakeFiles/CMakeTmp'
gmake: *** [Makefile:127: cmTC_2b6dc/fast] Error 2



Determining if the include file ffmpeg/avformat.h exists failed with the following output:
Change Dir: /home/duc/Desktop/Photometric/lib/opencv/opencv-2.4.9/build/CMakeFiles/CMakeTmp

Run Build Command(s):/usr/bin/gmake -f Makefile cmTC_94793/fast && /usr/bin/gmake  -f CMakeFiles/cmTC_94793.dir/build.make CMakeFiles/cmTC_94793.dir/build
gmake[1]: Entering directory '/home/duc/Desktop/Photometric/lib/opencv/opencv-2.4.9/build/CMakeFiles/CMakeTmp'
Building C object CMakeFiles/cmTC_94793.dir/CheckIncludeFile.c.o
/usr/bin/gcc   -fsigned-char -W -Wall -Werror=return-type -Werror=address -Werror=sequence-point -Wformat -Werror=format-security -Wmissing-declarations -Wmissing-prototypes -Wstrict-prototypes -Wundef -Winit-self -Wpointer-arith -Wshadow -Wno-narrowing -fdiagnostics-show-option -Wno-long-long -pthread -fomit-frame-pointer -msse -msse2 -msse3 -ffunction-sections  -O3 -DNDEBUG -o CMakeFiles/cmTC_94793.dir/CheckIncludeFile.c.o -c /home/duc/Desktop/Photometric/lib/opencv/opencv-2.4.9/build/CMakeFiles/CMakeTmp/CheckIncludeFile.c
/home/duc/Desktop/Photometric/lib/opencv/opencv-2.4.9/build/CMakeFiles/CMakeTmp/CheckIncludeFile.c:1:29: fatal error: ffmpeg/avformat.h: No such file or directory
compilation terminated.
gmake[1]: *** [CMakeFiles/cmTC_94793.dir/build.make:78: CMakeFiles/cmTC_94793.dir/CheckIncludeFile.c.o] Error 1
gmake[1]: Leaving directory '/home/duc/Desktop/Photometric/lib/opencv/opencv-2.4.9/build/CMakeFiles/CMakeTmp'
gmake: *** [Makefile:127: cmTC_94793/fast] Error 2



